Performing configuration checks

    - default address-model    : 64-bit
    - default architecture     : x86

Component configuration:

    - atomic                   : not building
    - chrono                   : not building
    - container                : not building
    - context                  : not building
    - contract                 : not building
    - coroutine                : not building
    - date_time                : not building
    - exception                : not building
    - fiber                    : not building
    - filesystem               : not building
    - graph                    : not building
    - graph_parallel           : not building
    - iostreams                : not building
    - locale                   : not building
    - log                      : not building
    - math                     : not building
    - mpi                      : not building
    - program_options          : building
    - python                   : not building
    - random                   : not building
    - regex                    : not building
    - serialization            : not building
    - stacktrace               : not building
    - system                   : not building
    - test                     : not building
    - thread                   : not building
    - timer                    : not building
    - type_erasure             : not building
    - wave                     : not building

...patience...
...found 29337 targets...
...updating 23 targets...
gcc.compile.c++ bin.v2/libs/program_options/build/gcc-9.3.0/release/link-static/threading-multi/visibility-hidden/cmdline.o
gcc.compile.c++ bin.v2/libs/program_options/build/gcc-9.3.0/release/link-static/threading-multi/visibility-hidden/config_file.o
gcc.compile.c++ bin.v2/libs/program_options/build/gcc-9.3.0/release/link-static/threading-multi/visibility-hidden/options_description.o
gcc.compile.c++ bin.v2/libs/program_options/build/gcc-9.3.0/release/link-static/threading-multi/visibility-hidden/parsers.o
gcc.compile.c++ bin.v2/libs/program_options/build/gcc-9.3.0/release/link-static/threading-multi/visibility-hidden/variables_map.o
gcc.compile.c++ bin.v2/libs/program_options/build/gcc-9.3.0/release/link-static/threading-multi/visibility-hidden/value_semantic.o
gcc.compile.c++ bin.v2/libs/program_options/build/gcc-9.3.0/release/link-static/threading-multi/visibility-hidden/positional_options.o
gcc.compile.c++ bin.v2/libs/program_options/build/gcc-9.3.0/release/link-static/threading-multi/visibility-hidden/utf8_codecvt_facet.o
gcc.compile.c++ bin.v2/libs/program_options/build/gcc-9.3.0/release/link-static/threading-multi/visibility-hidden/convert.o
gcc.compile.c++ bin.v2/libs/program_options/build/gcc-9.3.0/release/link-static/threading-multi/visibility-hidden/winmain.o
gcc.compile.c++ bin.v2/libs/program_options/build/gcc-9.3.0/release/link-static/threading-multi/visibility-hidden/split.o
gcc.archive bin.v2/libs/program_options/build/gcc-9.3.0/release/link-static/threading-multi/visibility-hidden/libboost_program_options.a
common.copy /home/svemula/Waffle/waffle_test/waffleClient/cmakebuild/external/boost_ep/lib/libboost_program_options.a
...updated 23 targets...
