Determining if the pthread_create exist failed with the following output:
Change Dir: /home/avishekde/Desktop/Sharath_Waffle/waffle_final/waffle_test/waffleClient/cmakebuild/libcuckoo-prefix/src/libcuckoo-build/CMakeFiles/CMakeTmp

Run Build Command:"/usr/bin/make" "cmTC_e3df3/fast"
make[3]: Entering directory '/home/avishekde/Desktop/Sharath_Waffle/waffle_final/waffle_test/waffleClient/cmakebuild/libcuckoo-prefix/src/libcuckoo-build/CMakeFiles/CMakeTmp'
/usr/bin/make -f CMakeFiles/cmTC_e3df3.dir/build.make CMakeFiles/cmTC_e3df3.dir/build
make[4]: Entering directory '/home/avishekde/Desktop/Sharath_Waffle/waffle_final/waffle_test/waffleClient/cmakebuild/libcuckoo-prefix/src/libcuckoo-build/CMakeFiles/CMakeTmp'
Building C object CMakeFiles/cmTC_e3df3.dir/CheckSymbolExists.c.o
/usr/bin/cc    -o CMakeFiles/cmTC_e3df3.dir/CheckSymbolExists.c.o   -c /home/avishekde/Desktop/Sharath_Waffle/waffle_final/waffle_test/waffleClient/cmakebuild/libcuckoo-prefix/src/libcuckoo-build/CMakeFiles/CMakeTmp/CheckSymbolExists.c
Linking C executable cmTC_e3df3
/usr/bin/cmake -E cmake_link_script CMakeFiles/cmTC_e3df3.dir/link.txt --verbose=1
/usr/bin/cc      -rdynamic CMakeFiles/cmTC_e3df3.dir/CheckSymbolExists.c.o  -o cmTC_e3df3 
CMakeFiles/cmTC_e3df3.dir/CheckSymbolExists.c.o: In function `main':
CheckSymbolExists.c:(.text+0x1b): undefined reference to `pthread_create'
collect2: error: ld returned 1 exit status
CMakeFiles/cmTC_e3df3.dir/build.make:97: recipe for target 'cmTC_e3df3' failed
make[4]: *** [cmTC_e3df3] Error 1
make[4]: Leaving directory '/home/avishekde/Desktop/Sharath_Waffle/waffle_final/waffle_test/waffleClient/cmakebuild/libcuckoo-prefix/src/libcuckoo-build/CMakeFiles/CMakeTmp'
Makefile:126: recipe for target 'cmTC_e3df3/fast' failed
make[3]: *** [cmTC_e3df3/fast] Error 2
make[3]: Leaving directory '/home/avishekde/Desktop/Sharath_Waffle/waffle_final/waffle_test/waffleClient/cmakebuild/libcuckoo-prefix/src/libcuckoo-build/CMakeFiles/CMakeTmp'

File /home/avishekde/Desktop/Sharath_Waffle/waffle_final/waffle_test/waffleClient/cmakebuild/libcuckoo-prefix/src/libcuckoo-build/CMakeFiles/CMakeTmp/CheckSymbolExists.c:
/* */
#include <pthread.h>

int main(int argc, char** argv)
{
  (void)argv;
#ifndef pthread_create
  return ((int*)(&pthread_create))[argc];
#else
  (void)argc;
  return 0;
#endif
}

