ar: creating apps/libapps.a
crypto/ec/curve448/f_generic.c:21:27: warning: argument 1 of type 'uint8_t[56]' {aka 'unsigned char[56]'} with mismatched bound [-Warray-parameter=]
   21 | void gf_serialize(uint8_t serial[SER_BYTES], const gf x, int with_hibit)
      |                   ~~~~~~~~^~~~~~~~~~~~~~~~~
In file included from crypto/ec/curve448/f_generic.c:12:
crypto/ec/curve448/field.h:65:28: note: previously declared as 'uint8_t *' {aka 'unsigned char *'}
   65 | void gf_serialize(uint8_t *serial, const gf x, int with_highbit);
      |                   ~~~~~~~~~^~~~~~
ar: creating libcrypto.a
In file included from /usr/include/string.h:535,
                 from include/internal/constant_time_locl.h:14,
                 from ssl/s3_cbc.c:10:
In function 'memcpy',
    inlined from 'ssl3_cbc_digest_record' at ssl/s3_cbc.c:378:13:
/usr/include/aarch64-linux-gnu/bits/string_fortified.h:29:10: warning: '__builtin___memcpy_chk' offset [64, 128] is out of the bounds [0, 13] [-Warray-bounds]
   29 |   return __builtin___memcpy_chk (__dest, __src, __len,
      |          ^~~~~~~~~~~~~~~~~~~~~~~~~~~~~~~~~~~~~~~~~~~~~
   30 |                                  __glibc_objsize0 (__dest));
      |                                  ~~~~~~~~~~~~~~~~~~~~~~~~~~
ar: creating libssl.a
