###
### Using 'gcc' toolset.
###
rm -rf bootstrap
mkdir bootstrap
gcc -o bootstrap/jam0 command.c compile.c constants.c debug.c execcmd.c frames.c function.c glob.c hash.c hdrmacro.c headers.c jam.c jambase.c jamgram.c lists.c make.c make1.c object.c option.c output.c parse.c pathsys.c regexp.c rules.c scan.c search.c subst.c timestamp.c variable.c modules.c strings.c filesys.c builtins.c class.c cwd.c native.c md5.c w32_getreg.c modules/set.c modules/path.c modules/regex.c modules/property-set.c modules/sequence.c modules/order.c execunix.c fileunix.c pathunix.c
./bootstrap/jam0 -f build.jam --toolset=gcc --toolset-root= clean
...found 1 target...
...updating 1 target...
...updated 1 target...
./bootstrap/jam0 -f build.jam --toolset=gcc --toolset-root=
...found 160 targets...
...updating 3 targets...
[MKDIR] bin.linuxarm
[COMPILE] bin.linuxarm/b2
debugger.c: In function 'debug_mi_format_breakpoint':
debugger.c:1837:13: warning: zero-length gnu_printf format string [-Wformat-zero-length]
 1837 |     printf( "" );
      |             ^~
debugger.c: In function 'debug_list_read':
debugger.c:165:5: warning: ignoring return value of 'fscanf' declared with attribute 'warn_unused_result' [-Wunused-result]
  165 |     fscanf( in, "%d", &len );
      |     ^~~~~~~~~~~~~~~~~~~~~~~~
execcmd.c: In function 'argv_from_shell':
execcmd.c:55:22: warning: '%d' directive writing between 1 and 11 bytes into a region of size 4 [-Wformat-overflow=]
   55 |     sprintf( jobno, "%d", slot + 1 );
      |                      ^~
execcmd.c:55:21: note: directive argument in the range [-2147483647, 2147483647]
   55 |     sprintf( jobno, "%d", slot + 1 );
      |                     ^~~~
In file included from /usr/include/stdio.h:894,
                 from jam.h:340,
                 from execcmd.c:11:
/usr/include/aarch64-linux-gnu/bits/stdio2.h:38:10: note: '__builtin___sprintf_chk' output between 2 and 12 bytes into a destination of size 4
   38 |   return __builtin___sprintf_chk (__s, __USE_FORTIFY_LEVEL - 1,
      |          ^~~~~~~~~~~~~~~~~~~~~~~~~~~~~~~~~~~~~~~~~~~~~~~~~~~~~~
   39 |                                   __glibc_objsize (__s), __fmt,
      |                                   ~~~~~~~~~~~~~~~~~~~~~~~~~~~~~
   40 |                                   __va_arg_pack ());
      |                                   ~~~~~~~~~~~~~~~~~
[COPY] bin.linuxarm/bjam
...updated 3 targets...
