-- 
--         ---( Libevent 2.1.8-beta )---
-- 
-- Available event backends: 
-- CMAKE_BINARY_DIR:         /home/svemula/Waffle/waffle_test/waffleClient/cmakebuild/libevent_ep-prefix/src/libevent_ep-build
-- CMAKE_CURRENT_BINARY_DIR: /home/svemula/Waffle/waffle_test/waffleClient/cmakebuild/libevent_ep-prefix/src/libevent_ep-build
-- CMAKE_SOURCE_DIR:         /home/svemula/Waffle/waffle_test/waffleClient/cmakebuild/libevent_ep-prefix/src/libevent_ep
-- CMAKE_CURRENT_SOURCE_DIR: /home/svemula/Waffle/waffle_test/waffleClient/cmakebuild/libevent_ep-prefix/src/libevent_ep
-- PROJECT_BINARY_DIR:       /home/svemula/Waffle/waffle_test/waffleClient/cmakebuild/libevent_ep-prefix/src/libevent_ep-build
-- PROJECT_SOURCE_DIR:       /home/svemula/Waffle/waffle_test/waffleClient/cmakebuild/libevent_ep-prefix/src/libevent_ep
-- CMAKE_MODULE_PATH:        /home/svemula/Waffle/waffle_test/waffleClient/cmakebuild/libevent_ep-prefix/src/libevent_ep/cmake/
-- CMAKE_COMMAND:            /usr/local/bin/cmake
-- CMAKE_ROOT:               /usr/local/share/cmake-3.26
-- CMAKE_SYSTEM:             Linux-5.11.0-27-generic
-- CMAKE_SYSTEM_NAME:        Linux
-- CMAKE_SYSTEM_VERSION:     5.11.0-27-generic
-- CMAKE_SYSTEM_PROCESSOR:   x86_64
-- CMAKE_SKIP_RPATH:         NO
-- CMAKE_VERBOSE_MAKEFILE:   FALSE
-- CMAKE_C_FLAGS:             -Wall -Wswitch -fno-strict-aliasing
-- CMAKE_BUILD_TYPE:         Release
-- CMAKE_C_COMPILER:         /usr/bin/cc
-- CMAKE_AR:                 /usr/bin/ar
-- CMAKE_RANLIB:             /usr/bin/ranlib
-- 
-- Configuring done (0.1s)
-- Generating done (0.1s)
-- Build files have been written to: /home/svemula/Waffle/waffle_test/waffleClient/cmakebuild/libevent_ep-prefix/src/libevent_ep-build
