[  1%] [32mBuilding C object CMakeFiles/event_core.dir/buffer.c.o[0m
[  2%] [32mBuilding C object CMakeFiles/event_core.dir/bufferevent.c.o[0m
[  3%] [32mBuilding C object CMakeFiles/event_core.dir/bufferevent_filter.c.o[0m
[  4%] [32mBuilding C object CMakeFiles/event_core.dir/bufferevent_pair.c.o[0m
[  5%] [32mBuilding C object CMakeFiles/event_core.dir/bufferevent_ratelim.c.o[0m
[  6%] [32mBuilding C object CMakeFiles/event_core.dir/bufferevent_sock.c.o[0m
[  7%] [32mBuilding C object CMakeFiles/event_core.dir/event.c.o[0m
[  9%] [32mBuilding C object CMakeFiles/event_core.dir/evmap.c.o[0m
[ 10%] [32mBuilding C object CMakeFiles/event_core.dir/evthread.c.o[0m
[ 11%] [32mBuilding C object CMakeFiles/event_core.dir/evutil.c.o[0m
[ 12%] [32mBuilding C object CMakeFiles/event_core.dir/evutil_rand.c.o[0m
[ 13%] [32mBuilding C object CMakeFiles/event_core.dir/evutil_time.c.o[0m
[ 14%] [32mBuilding C object CMakeFiles/event_core.dir/listener.c.o[0m
[ 15%] [32mBuilding C object CMakeFiles/event_core.dir/log.c.o[0m
[ 17%] [32mBuilding C object CMakeFiles/event_core.dir/signal.c.o[0m
[ 18%] [32mBuilding C object CMakeFiles/event_core.dir/strlcpy.c.o[0m
[ 19%] [32mBuilding C object CMakeFiles/event_core.dir/select.c.o[0m
[ 20%] [32mBuilding C object CMakeFiles/event_core.dir/poll.c.o[0m
[ 21%] [32mBuilding C object CMakeFiles/event_core.dir/epoll_sub.c.o[0m
[ 22%] [32mBuilding C object CMakeFiles/event_core.dir/epoll.c.o[0m
[ 23%] [32mBuilding C object CMakeFiles/event_core.dir/evthread_pthread.c.o[0m
[ 25%] [32m[1mLinking C static library lib/libevent_core.a[0m
[ 25%] Built target event_core
[ 26%] [32mBuilding C object CMakeFiles/event_extra.dir/buffer.c.o[0m
[ 27%] [32mBuilding C object CMakeFiles/event_extra.dir/bufferevent.c.o[0m
[ 28%] [32mBuilding C object CMakeFiles/event_extra.dir/bufferevent_filter.c.o[0m
[ 29%] [32mBuilding C object CMakeFiles/event_extra.dir/bufferevent_pair.c.o[0m
[ 30%] [32mBuilding C object CMakeFiles/event_extra.dir/bufferevent_ratelim.c.o[0m
[ 31%] [32mBuilding C object CMakeFiles/event_extra.dir/bufferevent_sock.c.o[0m
[ 32%] [32mBuilding C object CMakeFiles/event_extra.dir/event.c.o[0m
[ 34%] [32mBuilding C object CMakeFiles/event_extra.dir/evmap.c.o[0m
[ 35%] [32mBuilding C object CMakeFiles/event_extra.dir/evthread.c.o[0m
[ 36%] [32mBuilding C object CMakeFiles/event_extra.dir/evutil.c.o[0m
[ 37%] [32mBuilding C object CMakeFiles/event_extra.dir/evutil_rand.c.o[0m
[ 38%] [32mBuilding C object CMakeFiles/event_extra.dir/evutil_time.c.o[0m
[ 39%] [32mBuilding C object CMakeFiles/event_extra.dir/listener.c.o[0m
[ 40%] [32mBuilding C object CMakeFiles/event_extra.dir/log.c.o[0m
[ 42%] [32mBuilding C object CMakeFiles/event_extra.dir/signal.c.o[0m
[ 43%] [32mBuilding C object CMakeFiles/event_extra.dir/strlcpy.c.o[0m
[ 44%] [32mBuilding C object CMakeFiles/event_extra.dir/select.c.o[0m
[ 45%] [32mBuilding C object CMakeFiles/event_extra.dir/poll.c.o[0m
[ 46%] [32mBuilding C object CMakeFiles/event_extra.dir/epoll_sub.c.o[0m
[ 47%] [32mBuilding C object CMakeFiles/event_extra.dir/epoll.c.o[0m
[ 48%] [32mBuilding C object CMakeFiles/event_extra.dir/evthread_pthread.c.o[0m
[ 50%] [32mBuilding C object CMakeFiles/event_extra.dir/event_tagging.c.o[0m
[ 51%] [32mBuilding C object CMakeFiles/event_extra.dir/http.c.o[0m
[ 52%] [32mBuilding C object CMakeFiles/event_extra.dir/evdns.c.o[0m
[ 53%] [32mBuilding C object CMakeFiles/event_extra.dir/evrpc.c.o[0m
[ 54%] [32m[1mLinking C static library lib/libevent_extra.a[0m
[ 54%] Built target event_extra
[ 55%] [32mBuilding C object CMakeFiles/event.dir/buffer.c.o[0m
[ 56%] [32mBuilding C object CMakeFiles/event.dir/bufferevent.c.o[0m
[ 57%] [32mBuilding C object CMakeFiles/event.dir/bufferevent_filter.c.o[0m
[ 59%] [32mBuilding C object CMakeFiles/event.dir/bufferevent_pair.c.o[0m
[ 60%] [32mBuilding C object CMakeFiles/event.dir/bufferevent_ratelim.c.o[0m
[ 61%] [32mBuilding C object CMakeFiles/event.dir/bufferevent_sock.c.o[0m
[ 62%] [32mBuilding C object CMakeFiles/event.dir/event.c.o[0m
[ 63%] [32mBuilding C object CMakeFiles/event.dir/evmap.c.o[0m
[ 64%] [32mBuilding C object CMakeFiles/event.dir/evthread.c.o[0m
[ 65%] [32mBuilding C object CMakeFiles/event.dir/evutil.c.o[0m
[ 67%] [32mBuilding C object CMakeFiles/event.dir/evutil_rand.c.o[0m
[ 68%] [32mBuilding C object CMakeFiles/event.dir/evutil_time.c.o[0m
[ 69%] [32mBuilding C object CMakeFiles/event.dir/listener.c.o[0m
[ 70%] [32mBuilding C object CMakeFiles/event.dir/log.c.o[0m
[ 71%] [32mBuilding C object CMakeFiles/event.dir/signal.c.o[0m
[ 72%] [32mBuilding C object CMakeFiles/event.dir/strlcpy.c.o[0m
[ 73%] [32mBuilding C object CMakeFiles/event.dir/select.c.o[0m
[ 75%] [32mBuilding C object CMakeFiles/event.dir/poll.c.o[0m
[ 76%] [32mBuilding C object CMakeFiles/event.dir/epoll_sub.c.o[0m
[ 77%] [32mBuilding C object CMakeFiles/event.dir/epoll.c.o[0m
[ 78%] [32mBuilding C object CMakeFiles/event.dir/evthread_pthread.c.o[0m
[ 79%] [32mBuilding C object CMakeFiles/event.dir/event_tagging.c.o[0m
[ 80%] [32mBuilding C object CMakeFiles/event.dir/http.c.o[0m
[ 81%] [32mBuilding C object CMakeFiles/event.dir/evdns.c.o[0m
[ 82%] [32mBuilding C object CMakeFiles/event.dir/evrpc.c.o[0m
[ 84%] [32m[1mLinking C static library lib/libevent.a[0m
[ 84%] Built target event
[ 85%] [32mBuilding C object CMakeFiles/dns-example.dir/sample/dns-example.c.o[0m
[ 86%] [32m[1mLinking C executable bin/dns-example[0m
[ 86%] Built target dns-example
[ 87%] [32mBuilding C object CMakeFiles/event-read-fifo.dir/sample/event-read-fifo.c.o[0m
[ 88%] [32m[1mLinking C executable bin/event-read-fifo[0m
[ 88%] Built target event-read-fifo
[ 89%] [32mBuilding C object CMakeFiles/hello-world.dir/sample/hello-world.c.o[0m
[ 90%] [32m[1mLinking C executable bin/hello-world[0m
[ 90%] Built target hello-world
[ 92%] [32mBuilding C object CMakeFiles/signal-test.dir/sample/signal-test.c.o[0m
[ 93%] [32m[1mLinking C executable bin/signal-test[0m
[ 93%] Built target signal-test
[ 94%] [32mBuilding C object CMakeFiles/http-server.dir/sample/http-server.c.o[0m
[ 95%] [32m[1mLinking C executable bin/http-server[0m
[ 95%] Built target http-server
[ 96%] [32mBuilding C object CMakeFiles/http-connect.dir/sample/http-connect.c.o[0m
[ 97%] [32m[1mLinking C executable bin/http-connect[0m
[ 97%] Built target http-connect
[ 98%] [32mBuilding C object CMakeFiles/time-test.dir/sample/time-test.c.o[0m
[100%] [32m[1mLinking C executable bin/time-test[0m
[100%] Built target time-test
