Determining if the function epoll_create exists passed with the following output:
Change Dir: /home/svemula/waffle_test/waffleClient/cmakebuild/libevent_ep-prefix/src/libevent_ep-build/CMakeFiles/CMakeTmp

Run Build Command(s):/usr/local/bin/cmake -E env VERBOSE=1 /usr/bin/make -f Makefile cmTC_1b108/fast && make[3]: Entering directory '/home/svemula/waffle_test/waffleClient/cmakebuild/libevent_ep-prefix/src/libevent_ep-build/CMakeFiles/CMakeTmp'
/usr/bin/make  -f CMakeFiles/cmTC_1b108.dir/build.make CMakeFiles/cmTC_1b108.dir/build
make[4]: Entering directory '/home/svemula/waffle_test/waffleClient/cmakebuild/libevent_ep-prefix/src/libevent_ep-build/CMakeFiles/CMakeTmp'
Building C object CMakeFiles/cmTC_1b108.dir/CheckFunctionExistsEx.c.o
/usr/bin/cc   -Wall -Wswitch -fno-strict-aliasing -DCHECK_FUNCTION_EXISTS=epoll_create -o CMakeFiles/cmTC_1b108.dir/CheckFunctionExistsEx.c.o -c /home/svemula/waffle_test/waffleClient/cmakebuild/libevent_ep-prefix/src/libevent_ep/cmake/CheckFunctionExistsEx.c
Linking C executable cmTC_1b108
/usr/local/bin/cmake -E cmake_link_script CMakeFiles/cmTC_1b108.dir/link.txt --verbose=1
/usr/bin/cc  -Wall -Wswitch -fno-strict-aliasing -DCHECK_FUNCTION_EXISTS=epoll_create -rdynamic CMakeFiles/cmTC_1b108.dir/CheckFunctionExistsEx.c.o -o cmTC_1b108 
make[4]: Leaving directory '/home/svemula/waffle_test/waffleClient/cmakebuild/libevent_ep-prefix/src/libevent_ep-build/CMakeFiles/CMakeTmp'
make[3]: Leaving directory '/home/svemula/waffle_test/waffleClient/cmakebuild/libevent_ep-prefix/src/libevent_ep-build/CMakeFiles/CMakeTmp'



Determining if the function epoll_ctl exists passed with the following output:
Change Dir: /home/svemula/waffle_test/waffleClient/cmakebuild/libevent_ep-prefix/src/libevent_ep-build/CMakeFiles/CMakeTmp

Run Build Command(s):/usr/local/bin/cmake -E env VERBOSE=1 /usr/bin/make -f Makefile cmTC_b7c2d/fast && make[3]: Entering directory '/home/svemula/waffle_test/waffleClient/cmakebuild/libevent_ep-prefix/src/libevent_ep-build/CMakeFiles/CMakeTmp'
/usr/bin/make  -f CMakeFiles/cmTC_b7c2d.dir/build.make CMakeFiles/cmTC_b7c2d.dir/build
make[4]: Entering directory '/home/svemula/waffle_test/waffleClient/cmakebuild/libevent_ep-prefix/src/libevent_ep-build/CMakeFiles/CMakeTmp'
Building C object CMakeFiles/cmTC_b7c2d.dir/CheckFunctionExistsEx.c.o
/usr/bin/cc   -Wall -Wswitch -fno-strict-aliasing -DCHECK_FUNCTION_EXISTS=epoll_ctl -o CMakeFiles/cmTC_b7c2d.dir/CheckFunctionExistsEx.c.o -c /home/svemula/waffle_test/waffleClient/cmakebuild/libevent_ep-prefix/src/libevent_ep/cmake/CheckFunctionExistsEx.c
Linking C executable cmTC_b7c2d
/usr/local/bin/cmake -E cmake_link_script CMakeFiles/cmTC_b7c2d.dir/link.txt --verbose=1
/usr/bin/cc  -Wall -Wswitch -fno-strict-aliasing -DCHECK_FUNCTION_EXISTS=epoll_ctl -rdynamic CMakeFiles/cmTC_b7c2d.dir/CheckFunctionExistsEx.c.o -o cmTC_b7c2d 
make[4]: Leaving directory '/home/svemula/waffle_test/waffleClient/cmakebuild/libevent_ep-prefix/src/libevent_ep-build/CMakeFiles/CMakeTmp'
make[3]: Leaving directory '/home/svemula/waffle_test/waffleClient/cmakebuild/libevent_ep-prefix/src/libevent_ep-build/CMakeFiles/CMakeTmp'



Determining if the function eventfd exists passed with the following output:
Change Dir: /home/svemula/waffle_test/waffleClient/cmakebuild/libevent_ep-prefix/src/libevent_ep-build/CMakeFiles/CMakeTmp

Run Build Command(s):/usr/local/bin/cmake -E env VERBOSE=1 /usr/bin/make -f Makefile cmTC_3a469/fast && make[3]: Entering directory '/home/svemula/waffle_test/waffleClient/cmakebuild/libevent_ep-prefix/src/libevent_ep-build/CMakeFiles/CMakeTmp'
/usr/bin/make  -f CMakeFiles/cmTC_3a469.dir/build.make CMakeFiles/cmTC_3a469.dir/build
make[4]: Entering directory '/home/svemula/waffle_test/waffleClient/cmakebuild/libevent_ep-prefix/src/libevent_ep-build/CMakeFiles/CMakeTmp'
Building C object CMakeFiles/cmTC_3a469.dir/CheckFunctionExistsEx.c.o
/usr/bin/cc   -Wall -Wswitch -fno-strict-aliasing -DCHECK_FUNCTION_EXISTS=eventfd -o CMakeFiles/cmTC_3a469.dir/CheckFunctionExistsEx.c.o -c /home/svemula/waffle_test/waffleClient/cmakebuild/libevent_ep-prefix/src/libevent_ep/cmake/CheckFunctionExistsEx.c
Linking C executable cmTC_3a469
/usr/local/bin/cmake -E cmake_link_script CMakeFiles/cmTC_3a469.dir/link.txt --verbose=1
/usr/bin/cc  -Wall -Wswitch -fno-strict-aliasing -DCHECK_FUNCTION_EXISTS=eventfd -rdynamic CMakeFiles/cmTC_3a469.dir/CheckFunctionExistsEx.c.o -o cmTC_3a469 
make[4]: Leaving directory '/home/svemula/waffle_test/waffleClient/cmakebuild/libevent_ep-prefix/src/libevent_ep-build/CMakeFiles/CMakeTmp'
make[3]: Leaving directory '/home/svemula/waffle_test/waffleClient/cmakebuild/libevent_ep-prefix/src/libevent_ep-build/CMakeFiles/CMakeTmp'



Determining if the function clock_gettime exists passed with the following output:
Change Dir: /home/svemula/waffle_test/waffleClient/cmakebuild/libevent_ep-prefix/src/libevent_ep-build/CMakeFiles/CMakeTmp

Run Build Command(s):/usr/local/bin/cmake -E env VERBOSE=1 /usr/bin/make -f Makefile cmTC_8dc6c/fast && make[3]: Entering directory '/home/svemula/waffle_test/waffleClient/cmakebuild/libevent_ep-prefix/src/libevent_ep-build/CMakeFiles/CMakeTmp'
/usr/bin/make  -f CMakeFiles/cmTC_8dc6c.dir/build.make CMakeFiles/cmTC_8dc6c.dir/build
make[4]: Entering directory '/home/svemula/waffle_test/waffleClient/cmakebuild/libevent_ep-prefix/src/libevent_ep-build/CMakeFiles/CMakeTmp'
Building C object CMakeFiles/cmTC_8dc6c.dir/CheckFunctionExistsEx.c.o
/usr/bin/cc   -Wall -Wswitch -fno-strict-aliasing -DCHECK_FUNCTION_EXISTS=clock_gettime -o CMakeFiles/cmTC_8dc6c.dir/CheckFunctionExistsEx.c.o -c /home/svemula/waffle_test/waffleClient/cmakebuild/libevent_ep-prefix/src/libevent_ep/cmake/CheckFunctionExistsEx.c
Linking C executable cmTC_8dc6c
/usr/local/bin/cmake -E cmake_link_script CMakeFiles/cmTC_8dc6c.dir/link.txt --verbose=1
/usr/bin/cc  -Wall -Wswitch -fno-strict-aliasing -DCHECK_FUNCTION_EXISTS=clock_gettime -rdynamic CMakeFiles/cmTC_8dc6c.dir/CheckFunctionExistsEx.c.o -o cmTC_8dc6c 
make[4]: Leaving directory '/home/svemula/waffle_test/waffleClient/cmakebuild/libevent_ep-prefix/src/libevent_ep-build/CMakeFiles/CMakeTmp'
make[3]: Leaving directory '/home/svemula/waffle_test/waffleClient/cmakebuild/libevent_ep-prefix/src/libevent_ep-build/CMakeFiles/CMakeTmp'



Determining if the function fcntl exists passed with the following output:
Change Dir: /home/svemula/waffle_test/waffleClient/cmakebuild/libevent_ep-prefix/src/libevent_ep-build/CMakeFiles/CMakeTmp

Run Build Command(s):/usr/local/bin/cmake -E env VERBOSE=1 /usr/bin/make -f Makefile cmTC_d10d4/fast && make[3]: Entering directory '/home/svemula/waffle_test/waffleClient/cmakebuild/libevent_ep-prefix/src/libevent_ep-build/CMakeFiles/CMakeTmp'
/usr/bin/make  -f CMakeFiles/cmTC_d10d4.dir/build.make CMakeFiles/cmTC_d10d4.dir/build
make[4]: Entering directory '/home/svemula/waffle_test/waffleClient/cmakebuild/libevent_ep-prefix/src/libevent_ep-build/CMakeFiles/CMakeTmp'
Building C object CMakeFiles/cmTC_d10d4.dir/CheckFunctionExistsEx.c.o
/usr/bin/cc   -Wall -Wswitch -fno-strict-aliasing -DCHECK_FUNCTION_EXISTS=fcntl -o CMakeFiles/cmTC_d10d4.dir/CheckFunctionExistsEx.c.o -c /home/svemula/waffle_test/waffleClient/cmakebuild/libevent_ep-prefix/src/libevent_ep/cmake/CheckFunctionExistsEx.c
Linking C executable cmTC_d10d4
/usr/local/bin/cmake -E cmake_link_script CMakeFiles/cmTC_d10d4.dir/link.txt --verbose=1
/usr/bin/cc  -Wall -Wswitch -fno-strict-aliasing -DCHECK_FUNCTION_EXISTS=fcntl -rdynamic CMakeFiles/cmTC_d10d4.dir/CheckFunctionExistsEx.c.o -o cmTC_d10d4 
make[4]: Leaving directory '/home/svemula/waffle_test/waffleClient/cmakebuild/libevent_ep-prefix/src/libevent_ep-build/CMakeFiles/CMakeTmp'
make[3]: Leaving directory '/home/svemula/waffle_test/waffleClient/cmakebuild/libevent_ep-prefix/src/libevent_ep-build/CMakeFiles/CMakeTmp'



Determining if the function getaddrinfo exists passed with the following output:
Change Dir: /home/svemula/waffle_test/waffleClient/cmakebuild/libevent_ep-prefix/src/libevent_ep-build/CMakeFiles/CMakeTmp

Run Build Command(s):/usr/local/bin/cmake -E env VERBOSE=1 /usr/bin/make -f Makefile cmTC_28cb9/fast && make[3]: Entering directory '/home/svemula/waffle_test/waffleClient/cmakebuild/libevent_ep-prefix/src/libevent_ep-build/CMakeFiles/CMakeTmp'
/usr/bin/make  -f CMakeFiles/cmTC_28cb9.dir/build.make CMakeFiles/cmTC_28cb9.dir/build
make[4]: Entering directory '/home/svemula/waffle_test/waffleClient/cmakebuild/libevent_ep-prefix/src/libevent_ep-build/CMakeFiles/CMakeTmp'
Building C object CMakeFiles/cmTC_28cb9.dir/CheckFunctionExistsEx.c.o
/usr/bin/cc   -Wall -Wswitch -fno-strict-aliasing -DCHECK_FUNCTION_EXISTS=getaddrinfo -o CMakeFiles/cmTC_28cb9.dir/CheckFunctionExistsEx.c.o -c /home/svemula/waffle_test/waffleClient/cmakebuild/libevent_ep-prefix/src/libevent_ep/cmake/CheckFunctionExistsEx.c
Linking C executable cmTC_28cb9
/usr/local/bin/cmake -E cmake_link_script CMakeFiles/cmTC_28cb9.dir/link.txt --verbose=1
/usr/bin/cc  -Wall -Wswitch -fno-strict-aliasing -DCHECK_FUNCTION_EXISTS=getaddrinfo -rdynamic CMakeFiles/cmTC_28cb9.dir/CheckFunctionExistsEx.c.o -o cmTC_28cb9 
make[4]: Leaving directory '/home/svemula/waffle_test/waffleClient/cmakebuild/libevent_ep-prefix/src/libevent_ep-build/CMakeFiles/CMakeTmp'
make[3]: Leaving directory '/home/svemula/waffle_test/waffleClient/cmakebuild/libevent_ep-prefix/src/libevent_ep-build/CMakeFiles/CMakeTmp'



Determining if the function getnameinfo exists passed with the following output:
Change Dir: /home/svemula/waffle_test/waffleClient/cmakebuild/libevent_ep-prefix/src/libevent_ep-build/CMakeFiles/CMakeTmp

Run Build Command(s):/usr/local/bin/cmake -E env VERBOSE=1 /usr/bin/make -f Makefile cmTC_a9b51/fast && make[3]: Entering directory '/home/svemula/waffle_test/waffleClient/cmakebuild/libevent_ep-prefix/src/libevent_ep-build/CMakeFiles/CMakeTmp'
/usr/bin/make  -f CMakeFiles/cmTC_a9b51.dir/build.make CMakeFiles/cmTC_a9b51.dir/build
make[4]: Entering directory '/home/svemula/waffle_test/waffleClient/cmakebuild/libevent_ep-prefix/src/libevent_ep-build/CMakeFiles/CMakeTmp'
Building C object CMakeFiles/cmTC_a9b51.dir/CheckFunctionExistsEx.c.o
/usr/bin/cc   -Wall -Wswitch -fno-strict-aliasing -DCHECK_FUNCTION_EXISTS=getnameinfo -o CMakeFiles/cmTC_a9b51.dir/CheckFunctionExistsEx.c.o -c /home/svemula/waffle_test/waffleClient/cmakebuild/libevent_ep-prefix/src/libevent_ep/cmake/CheckFunctionExistsEx.c
Linking C executable cmTC_a9b51
/usr/local/bin/cmake -E cmake_link_script CMakeFiles/cmTC_a9b51.dir/link.txt --verbose=1
/usr/bin/cc  -Wall -Wswitch -fno-strict-aliasing -DCHECK_FUNCTION_EXISTS=getnameinfo -rdynamic CMakeFiles/cmTC_a9b51.dir/CheckFunctionExistsEx.c.o -o cmTC_a9b51 
make[4]: Leaving directory '/home/svemula/waffle_test/waffleClient/cmakebuild/libevent_ep-prefix/src/libevent_ep-build/CMakeFiles/CMakeTmp'
make[3]: Leaving directory '/home/svemula/waffle_test/waffleClient/cmakebuild/libevent_ep-prefix/src/libevent_ep-build/CMakeFiles/CMakeTmp'



Determining if the function gettimeofday exists passed with the following output:
Change Dir: /home/svemula/waffle_test/waffleClient/cmakebuild/libevent_ep-prefix/src/libevent_ep-build/CMakeFiles/CMakeTmp

Run Build Command(s):/usr/local/bin/cmake -E env VERBOSE=1 /usr/bin/make -f Makefile cmTC_c4dfe/fast && make[3]: Entering directory '/home/svemula/waffle_test/waffleClient/cmakebuild/libevent_ep-prefix/src/libevent_ep-build/CMakeFiles/CMakeTmp'
/usr/bin/make  -f CMakeFiles/cmTC_c4dfe.dir/build.make CMakeFiles/cmTC_c4dfe.dir/build
make[4]: Entering directory '/home/svemula/waffle_test/waffleClient/cmakebuild/libevent_ep-prefix/src/libevent_ep-build/CMakeFiles/CMakeTmp'
Building C object CMakeFiles/cmTC_c4dfe.dir/CheckFunctionExistsEx.c.o
/usr/bin/cc   -Wall -Wswitch -fno-strict-aliasing -DCHECK_FUNCTION_EXISTS=gettimeofday -o CMakeFiles/cmTC_c4dfe.dir/CheckFunctionExistsEx.c.o -c /home/svemula/waffle_test/waffleClient/cmakebuild/libevent_ep-prefix/src/libevent_ep/cmake/CheckFunctionExistsEx.c
Linking C executable cmTC_c4dfe
/usr/local/bin/cmake -E cmake_link_script CMakeFiles/cmTC_c4dfe.dir/link.txt --verbose=1
/usr/bin/cc  -Wall -Wswitch -fno-strict-aliasing -DCHECK_FUNCTION_EXISTS=gettimeofday -rdynamic CMakeFiles/cmTC_c4dfe.dir/CheckFunctionExistsEx.c.o -o cmTC_c4dfe 
make[4]: Leaving directory '/home/svemula/waffle_test/waffleClient/cmakebuild/libevent_ep-prefix/src/libevent_ep-build/CMakeFiles/CMakeTmp'
make[3]: Leaving directory '/home/svemula/waffle_test/waffleClient/cmakebuild/libevent_ep-prefix/src/libevent_ep-build/CMakeFiles/CMakeTmp'



Determining if the function getprotobynumber exists passed with the following output:
Change Dir: /home/svemula/waffle_test/waffleClient/cmakebuild/libevent_ep-prefix/src/libevent_ep-build/CMakeFiles/CMakeTmp

Run Build Command(s):/usr/local/bin/cmake -E env VERBOSE=1 /usr/bin/make -f Makefile cmTC_b469f/fast && make[3]: Entering directory '/home/svemula/waffle_test/waffleClient/cmakebuild/libevent_ep-prefix/src/libevent_ep-build/CMakeFiles/CMakeTmp'
/usr/bin/make  -f CMakeFiles/cmTC_b469f.dir/build.make CMakeFiles/cmTC_b469f.dir/build
make[4]: Entering directory '/home/svemula/waffle_test/waffleClient/cmakebuild/libevent_ep-prefix/src/libevent_ep-build/CMakeFiles/CMakeTmp'
Building C object CMakeFiles/cmTC_b469f.dir/CheckFunctionExistsEx.c.o
/usr/bin/cc   -Wall -Wswitch -fno-strict-aliasing -DCHECK_FUNCTION_EXISTS=getprotobynumber -o CMakeFiles/cmTC_b469f.dir/CheckFunctionExistsEx.c.o -c /home/svemula/waffle_test/waffleClient/cmakebuild/libevent_ep-prefix/src/libevent_ep/cmake/CheckFunctionExistsEx.c
Linking C executable cmTC_b469f
/usr/local/bin/cmake -E cmake_link_script CMakeFiles/cmTC_b469f.dir/link.txt --verbose=1
/usr/bin/cc  -Wall -Wswitch -fno-strict-aliasing -DCHECK_FUNCTION_EXISTS=getprotobynumber -rdynamic CMakeFiles/cmTC_b469f.dir/CheckFunctionExistsEx.c.o -o cmTC_b469f 
make[4]: Leaving directory '/home/svemula/waffle_test/waffleClient/cmakebuild/libevent_ep-prefix/src/libevent_ep-build/CMakeFiles/CMakeTmp'
make[3]: Leaving directory '/home/svemula/waffle_test/waffleClient/cmakebuild/libevent_ep-prefix/src/libevent_ep-build/CMakeFiles/CMakeTmp'



Determining if the function getservbyname exists passed with the following output:
Change Dir: /home/svemula/waffle_test/waffleClient/cmakebuild/libevent_ep-prefix/src/libevent_ep-build/CMakeFiles/CMakeTmp

Run Build Command(s):/usr/local/bin/cmake -E env VERBOSE=1 /usr/bin/make -f Makefile cmTC_bc8c3/fast && make[3]: Entering directory '/home/svemula/waffle_test/waffleClient/cmakebuild/libevent_ep-prefix/src/libevent_ep-build/CMakeFiles/CMakeTmp'
/usr/bin/make  -f CMakeFiles/cmTC_bc8c3.dir/build.make CMakeFiles/cmTC_bc8c3.dir/build
make[4]: Entering directory '/home/svemula/waffle_test/waffleClient/cmakebuild/libevent_ep-prefix/src/libevent_ep-build/CMakeFiles/CMakeTmp'
Building C object CMakeFiles/cmTC_bc8c3.dir/CheckFunctionExistsEx.c.o
/usr/bin/cc   -Wall -Wswitch -fno-strict-aliasing -DCHECK_FUNCTION_EXISTS=getservbyname -o CMakeFiles/cmTC_bc8c3.dir/CheckFunctionExistsEx.c.o -c /home/svemula/waffle_test/waffleClient/cmakebuild/libevent_ep-prefix/src/libevent_ep/cmake/CheckFunctionExistsEx.c
Linking C executable cmTC_bc8c3
/usr/local/bin/cmake -E cmake_link_script CMakeFiles/cmTC_bc8c3.dir/link.txt --verbose=1
/usr/bin/cc  -Wall -Wswitch -fno-strict-aliasing -DCHECK_FUNCTION_EXISTS=getservbyname -rdynamic CMakeFiles/cmTC_bc8c3.dir/CheckFunctionExistsEx.c.o -o cmTC_bc8c3 
make[4]: Leaving directory '/home/svemula/waffle_test/waffleClient/cmakebuild/libevent_ep-prefix/src/libevent_ep-build/CMakeFiles/CMakeTmp'
make[3]: Leaving directory '/home/svemula/waffle_test/waffleClient/cmakebuild/libevent_ep-prefix/src/libevent_ep-build/CMakeFiles/CMakeTmp'



Determining if the function inet_ntop exists passed with the following output:
Change Dir: /home/svemula/waffle_test/waffleClient/cmakebuild/libevent_ep-prefix/src/libevent_ep-build/CMakeFiles/CMakeTmp

Run Build Command(s):/usr/local/bin/cmake -E env VERBOSE=1 /usr/bin/make -f Makefile cmTC_9d982/fast && make[3]: Entering directory '/home/svemula/waffle_test/waffleClient/cmakebuild/libevent_ep-prefix/src/libevent_ep-build/CMakeFiles/CMakeTmp'
/usr/bin/make  -f CMakeFiles/cmTC_9d982.dir/build.make CMakeFiles/cmTC_9d982.dir/build
make[4]: Entering directory '/home/svemula/waffle_test/waffleClient/cmakebuild/libevent_ep-prefix/src/libevent_ep-build/CMakeFiles/CMakeTmp'
Building C object CMakeFiles/cmTC_9d982.dir/CheckFunctionExistsEx.c.o
/usr/bin/cc   -Wall -Wswitch -fno-strict-aliasing -DCHECK_FUNCTION_EXISTS=inet_ntop -o CMakeFiles/cmTC_9d982.dir/CheckFunctionExistsEx.c.o -c /home/svemula/waffle_test/waffleClient/cmakebuild/libevent_ep-prefix/src/libevent_ep/cmake/CheckFunctionExistsEx.c
Linking C executable cmTC_9d982
/usr/local/bin/cmake -E cmake_link_script CMakeFiles/cmTC_9d982.dir/link.txt --verbose=1
/usr/bin/cc  -Wall -Wswitch -fno-strict-aliasing -DCHECK_FUNCTION_EXISTS=inet_ntop -rdynamic CMakeFiles/cmTC_9d982.dir/CheckFunctionExistsEx.c.o -o cmTC_9d982 
make[4]: Leaving directory '/home/svemula/waffle_test/waffleClient/cmakebuild/libevent_ep-prefix/src/libevent_ep-build/CMakeFiles/CMakeTmp'
make[3]: Leaving directory '/home/svemula/waffle_test/waffleClient/cmakebuild/libevent_ep-prefix/src/libevent_ep-build/CMakeFiles/CMakeTmp'



Determining if the function inet_pton exists passed with the following output:
Change Dir: /home/svemula/waffle_test/waffleClient/cmakebuild/libevent_ep-prefix/src/libevent_ep-build/CMakeFiles/CMakeTmp

Run Build Command(s):/usr/local/bin/cmake -E env VERBOSE=1 /usr/bin/make -f Makefile cmTC_d2706/fast && make[3]: Entering directory '/home/svemula/waffle_test/waffleClient/cmakebuild/libevent_ep-prefix/src/libevent_ep-build/CMakeFiles/CMakeTmp'
/usr/bin/make  -f CMakeFiles/cmTC_d2706.dir/build.make CMakeFiles/cmTC_d2706.dir/build
make[4]: Entering directory '/home/svemula/waffle_test/waffleClient/cmakebuild/libevent_ep-prefix/src/libevent_ep-build/CMakeFiles/CMakeTmp'
Building C object CMakeFiles/cmTC_d2706.dir/CheckFunctionExistsEx.c.o
/usr/bin/cc   -Wall -Wswitch -fno-strict-aliasing -DCHECK_FUNCTION_EXISTS=inet_pton -o CMakeFiles/cmTC_d2706.dir/CheckFunctionExistsEx.c.o -c /home/svemula/waffle_test/waffleClient/cmakebuild/libevent_ep-prefix/src/libevent_ep/cmake/CheckFunctionExistsEx.c
Linking C executable cmTC_d2706
/usr/local/bin/cmake -E cmake_link_script CMakeFiles/cmTC_d2706.dir/link.txt --verbose=1
/usr/bin/cc  -Wall -Wswitch -fno-strict-aliasing -DCHECK_FUNCTION_EXISTS=inet_pton -rdynamic CMakeFiles/cmTC_d2706.dir/CheckFunctionExistsEx.c.o -o cmTC_d2706 
make[4]: Leaving directory '/home/svemula/waffle_test/waffleClient/cmakebuild/libevent_ep-prefix/src/libevent_ep-build/CMakeFiles/CMakeTmp'
make[3]: Leaving directory '/home/svemula/waffle_test/waffleClient/cmakebuild/libevent_ep-prefix/src/libevent_ep-build/CMakeFiles/CMakeTmp'



Determining if the function mmap exists passed with the following output:
Change Dir: /home/svemula/waffle_test/waffleClient/cmakebuild/libevent_ep-prefix/src/libevent_ep-build/CMakeFiles/CMakeTmp

Run Build Command(s):/usr/local/bin/cmake -E env VERBOSE=1 /usr/bin/make -f Makefile cmTC_0dca3/fast && make[3]: Entering directory '/home/svemula/waffle_test/waffleClient/cmakebuild/libevent_ep-prefix/src/libevent_ep-build/CMakeFiles/CMakeTmp'
/usr/bin/make  -f CMakeFiles/cmTC_0dca3.dir/build.make CMakeFiles/cmTC_0dca3.dir/build
make[4]: Entering directory '/home/svemula/waffle_test/waffleClient/cmakebuild/libevent_ep-prefix/src/libevent_ep-build/CMakeFiles/CMakeTmp'
Building C object CMakeFiles/cmTC_0dca3.dir/CheckFunctionExistsEx.c.o
/usr/bin/cc   -Wall -Wswitch -fno-strict-aliasing -DCHECK_FUNCTION_EXISTS=mmap -o CMakeFiles/cmTC_0dca3.dir/CheckFunctionExistsEx.c.o -c /home/svemula/waffle_test/waffleClient/cmakebuild/libevent_ep-prefix/src/libevent_ep/cmake/CheckFunctionExistsEx.c
Linking C executable cmTC_0dca3
/usr/local/bin/cmake -E cmake_link_script CMakeFiles/cmTC_0dca3.dir/link.txt --verbose=1
/usr/bin/cc  -Wall -Wswitch -fno-strict-aliasing -DCHECK_FUNCTION_EXISTS=mmap -rdynamic CMakeFiles/cmTC_0dca3.dir/CheckFunctionExistsEx.c.o -o cmTC_0dca3 
make[4]: Leaving directory '/home/svemula/waffle_test/waffleClient/cmakebuild/libevent_ep-prefix/src/libevent_ep-build/CMakeFiles/CMakeTmp'
make[3]: Leaving directory '/home/svemula/waffle_test/waffleClient/cmakebuild/libevent_ep-prefix/src/libevent_ep-build/CMakeFiles/CMakeTmp'



Determining if the function pipe exists passed with the following output:
Change Dir: /home/svemula/waffle_test/waffleClient/cmakebuild/libevent_ep-prefix/src/libevent_ep-build/CMakeFiles/CMakeTmp

Run Build Command(s):/usr/local/bin/cmake -E env VERBOSE=1 /usr/bin/make -f Makefile cmTC_f3671/fast && make[3]: Entering directory '/home/svemula/waffle_test/waffleClient/cmakebuild/libevent_ep-prefix/src/libevent_ep-build/CMakeFiles/CMakeTmp'
/usr/bin/make  -f CMakeFiles/cmTC_f3671.dir/build.make CMakeFiles/cmTC_f3671.dir/build
make[4]: Entering directory '/home/svemula/waffle_test/waffleClient/cmakebuild/libevent_ep-prefix/src/libevent_ep-build/CMakeFiles/CMakeTmp'
Building C object CMakeFiles/cmTC_f3671.dir/CheckFunctionExistsEx.c.o
/usr/bin/cc   -Wall -Wswitch -fno-strict-aliasing -DCHECK_FUNCTION_EXISTS=pipe -o CMakeFiles/cmTC_f3671.dir/CheckFunctionExistsEx.c.o -c /home/svemula/waffle_test/waffleClient/cmakebuild/libevent_ep-prefix/src/libevent_ep/cmake/CheckFunctionExistsEx.c
Linking C executable cmTC_f3671
/usr/local/bin/cmake -E cmake_link_script CMakeFiles/cmTC_f3671.dir/link.txt --verbose=1
/usr/bin/cc  -Wall -Wswitch -fno-strict-aliasing -DCHECK_FUNCTION_EXISTS=pipe -rdynamic CMakeFiles/cmTC_f3671.dir/CheckFunctionExistsEx.c.o -o cmTC_f3671 
make[4]: Leaving directory '/home/svemula/waffle_test/waffleClient/cmakebuild/libevent_ep-prefix/src/libevent_ep-build/CMakeFiles/CMakeTmp'
make[3]: Leaving directory '/home/svemula/waffle_test/waffleClient/cmakebuild/libevent_ep-prefix/src/libevent_ep-build/CMakeFiles/CMakeTmp'



Determining if the function pipe2 exists passed with the following output:
Change Dir: /home/svemula/waffle_test/waffleClient/cmakebuild/libevent_ep-prefix/src/libevent_ep-build/CMakeFiles/CMakeTmp

Run Build Command(s):/usr/local/bin/cmake -E env VERBOSE=1 /usr/bin/make -f Makefile cmTC_de68d/fast && make[3]: Entering directory '/home/svemula/waffle_test/waffleClient/cmakebuild/libevent_ep-prefix/src/libevent_ep-build/CMakeFiles/CMakeTmp'
/usr/bin/make  -f CMakeFiles/cmTC_de68d.dir/build.make CMakeFiles/cmTC_de68d.dir/build
make[4]: Entering directory '/home/svemula/waffle_test/waffleClient/cmakebuild/libevent_ep-prefix/src/libevent_ep-build/CMakeFiles/CMakeTmp'
Building C object CMakeFiles/cmTC_de68d.dir/CheckFunctionExistsEx.c.o
/usr/bin/cc   -Wall -Wswitch -fno-strict-aliasing -DCHECK_FUNCTION_EXISTS=pipe2 -o CMakeFiles/cmTC_de68d.dir/CheckFunctionExistsEx.c.o -c /home/svemula/waffle_test/waffleClient/cmakebuild/libevent_ep-prefix/src/libevent_ep/cmake/CheckFunctionExistsEx.c
Linking C executable cmTC_de68d
/usr/local/bin/cmake -E cmake_link_script CMakeFiles/cmTC_de68d.dir/link.txt --verbose=1
/usr/bin/cc  -Wall -Wswitch -fno-strict-aliasing -DCHECK_FUNCTION_EXISTS=pipe2 -rdynamic CMakeFiles/cmTC_de68d.dir/CheckFunctionExistsEx.c.o -o cmTC_de68d 
make[4]: Leaving directory '/home/svemula/waffle_test/waffleClient/cmakebuild/libevent_ep-prefix/src/libevent_ep-build/CMakeFiles/CMakeTmp'
make[3]: Leaving directory '/home/svemula/waffle_test/waffleClient/cmakebuild/libevent_ep-prefix/src/libevent_ep-build/CMakeFiles/CMakeTmp'



Determining if the function poll exists passed with the following output:
Change Dir: /home/svemula/waffle_test/waffleClient/cmakebuild/libevent_ep-prefix/src/libevent_ep-build/CMakeFiles/CMakeTmp

Run Build Command(s):/usr/local/bin/cmake -E env VERBOSE=1 /usr/bin/make -f Makefile cmTC_75960/fast && make[3]: Entering directory '/home/svemula/waffle_test/waffleClient/cmakebuild/libevent_ep-prefix/src/libevent_ep-build/CMakeFiles/CMakeTmp'
/usr/bin/make  -f CMakeFiles/cmTC_75960.dir/build.make CMakeFiles/cmTC_75960.dir/build
make[4]: Entering directory '/home/svemula/waffle_test/waffleClient/cmakebuild/libevent_ep-prefix/src/libevent_ep-build/CMakeFiles/CMakeTmp'
Building C object CMakeFiles/cmTC_75960.dir/CheckFunctionExistsEx.c.o
/usr/bin/cc   -Wall -Wswitch -fno-strict-aliasing -DCHECK_FUNCTION_EXISTS=poll -o CMakeFiles/cmTC_75960.dir/CheckFunctionExistsEx.c.o -c /home/svemula/waffle_test/waffleClient/cmakebuild/libevent_ep-prefix/src/libevent_ep/cmake/CheckFunctionExistsEx.c
Linking C executable cmTC_75960
/usr/local/bin/cmake -E cmake_link_script CMakeFiles/cmTC_75960.dir/link.txt --verbose=1
/usr/bin/cc  -Wall -Wswitch -fno-strict-aliasing -DCHECK_FUNCTION_EXISTS=poll -rdynamic CMakeFiles/cmTC_75960.dir/CheckFunctionExistsEx.c.o -o cmTC_75960 
make[4]: Leaving directory '/home/svemula/waffle_test/waffleClient/cmakebuild/libevent_ep-prefix/src/libevent_ep-build/CMakeFiles/CMakeTmp'
make[3]: Leaving directory '/home/svemula/waffle_test/waffleClient/cmakebuild/libevent_ep-prefix/src/libevent_ep-build/CMakeFiles/CMakeTmp'



Determining if the function sendfile exists passed with the following output:
Change Dir: /home/svemula/waffle_test/waffleClient/cmakebuild/libevent_ep-prefix/src/libevent_ep-build/CMakeFiles/CMakeTmp

Run Build Command(s):/usr/local/bin/cmake -E env VERBOSE=1 /usr/bin/make -f Makefile cmTC_99c87/fast && make[3]: Entering directory '/home/svemula/waffle_test/waffleClient/cmakebuild/libevent_ep-prefix/src/libevent_ep-build/CMakeFiles/CMakeTmp'
/usr/bin/make  -f CMakeFiles/cmTC_99c87.dir/build.make CMakeFiles/cmTC_99c87.dir/build
make[4]: Entering directory '/home/svemula/waffle_test/waffleClient/cmakebuild/libevent_ep-prefix/src/libevent_ep-build/CMakeFiles/CMakeTmp'
Building C object CMakeFiles/cmTC_99c87.dir/CheckFunctionExistsEx.c.o
/usr/bin/cc   -Wall -Wswitch -fno-strict-aliasing -DCHECK_FUNCTION_EXISTS=sendfile -o CMakeFiles/cmTC_99c87.dir/CheckFunctionExistsEx.c.o -c /home/svemula/waffle_test/waffleClient/cmakebuild/libevent_ep-prefix/src/libevent_ep/cmake/CheckFunctionExistsEx.c
Linking C executable cmTC_99c87
/usr/local/bin/cmake -E cmake_link_script CMakeFiles/cmTC_99c87.dir/link.txt --verbose=1
/usr/bin/cc  -Wall -Wswitch -fno-strict-aliasing -DCHECK_FUNCTION_EXISTS=sendfile -rdynamic CMakeFiles/cmTC_99c87.dir/CheckFunctionExistsEx.c.o -o cmTC_99c87 
make[4]: Leaving directory '/home/svemula/waffle_test/waffleClient/cmakebuild/libevent_ep-prefix/src/libevent_ep-build/CMakeFiles/CMakeTmp'
make[3]: Leaving directory '/home/svemula/waffle_test/waffleClient/cmakebuild/libevent_ep-prefix/src/libevent_ep-build/CMakeFiles/CMakeTmp'



Determining if the function sigaction exists passed with the following output:
Change Dir: /home/svemula/waffle_test/waffleClient/cmakebuild/libevent_ep-prefix/src/libevent_ep-build/CMakeFiles/CMakeTmp

Run Build Command(s):/usr/local/bin/cmake -E env VERBOSE=1 /usr/bin/make -f Makefile cmTC_ba0a7/fast && make[3]: Entering directory '/home/svemula/waffle_test/waffleClient/cmakebuild/libevent_ep-prefix/src/libevent_ep-build/CMakeFiles/CMakeTmp'
/usr/bin/make  -f CMakeFiles/cmTC_ba0a7.dir/build.make CMakeFiles/cmTC_ba0a7.dir/build
make[4]: Entering directory '/home/svemula/waffle_test/waffleClient/cmakebuild/libevent_ep-prefix/src/libevent_ep-build/CMakeFiles/CMakeTmp'
Building C object CMakeFiles/cmTC_ba0a7.dir/CheckFunctionExistsEx.c.o
/usr/bin/cc   -Wall -Wswitch -fno-strict-aliasing -DCHECK_FUNCTION_EXISTS=sigaction -o CMakeFiles/cmTC_ba0a7.dir/CheckFunctionExistsEx.c.o -c /home/svemula/waffle_test/waffleClient/cmakebuild/libevent_ep-prefix/src/libevent_ep/cmake/CheckFunctionExistsEx.c
Linking C executable cmTC_ba0a7
/usr/local/bin/cmake -E cmake_link_script CMakeFiles/cmTC_ba0a7.dir/link.txt --verbose=1
/usr/bin/cc  -Wall -Wswitch -fno-strict-aliasing -DCHECK_FUNCTION_EXISTS=sigaction -rdynamic CMakeFiles/cmTC_ba0a7.dir/CheckFunctionExistsEx.c.o -o cmTC_ba0a7 
make[4]: Leaving directory '/home/svemula/waffle_test/waffleClient/cmakebuild/libevent_ep-prefix/src/libevent_ep-build/CMakeFiles/CMakeTmp'
make[3]: Leaving directory '/home/svemula/waffle_test/waffleClient/cmakebuild/libevent_ep-prefix/src/libevent_ep-build/CMakeFiles/CMakeTmp'



Determining if the function signal exists passed with the following output:
Change Dir: /home/svemula/waffle_test/waffleClient/cmakebuild/libevent_ep-prefix/src/libevent_ep-build/CMakeFiles/CMakeTmp

Run Build Command(s):/usr/local/bin/cmake -E env VERBOSE=1 /usr/bin/make -f Makefile cmTC_e23ed/fast && make[3]: Entering directory '/home/svemula/waffle_test/waffleClient/cmakebuild/libevent_ep-prefix/src/libevent_ep-build/CMakeFiles/CMakeTmp'
/usr/bin/make  -f CMakeFiles/cmTC_e23ed.dir/build.make CMakeFiles/cmTC_e23ed.dir/build
make[4]: Entering directory '/home/svemula/waffle_test/waffleClient/cmakebuild/libevent_ep-prefix/src/libevent_ep-build/CMakeFiles/CMakeTmp'
Building C object CMakeFiles/cmTC_e23ed.dir/CheckFunctionExistsEx.c.o
/usr/bin/cc   -Wall -Wswitch -fno-strict-aliasing -DCHECK_FUNCTION_EXISTS=signal -o CMakeFiles/cmTC_e23ed.dir/CheckFunctionExistsEx.c.o -c /home/svemula/waffle_test/waffleClient/cmakebuild/libevent_ep-prefix/src/libevent_ep/cmake/CheckFunctionExistsEx.c
Linking C executable cmTC_e23ed
/usr/local/bin/cmake -E cmake_link_script CMakeFiles/cmTC_e23ed.dir/link.txt --verbose=1
/usr/bin/cc  -Wall -Wswitch -fno-strict-aliasing -DCHECK_FUNCTION_EXISTS=signal -rdynamic CMakeFiles/cmTC_e23ed.dir/CheckFunctionExistsEx.c.o -o cmTC_e23ed 
make[4]: Leaving directory '/home/svemula/waffle_test/waffleClient/cmakebuild/libevent_ep-prefix/src/libevent_ep-build/CMakeFiles/CMakeTmp'
make[3]: Leaving directory '/home/svemula/waffle_test/waffleClient/cmakebuild/libevent_ep-prefix/src/libevent_ep-build/CMakeFiles/CMakeTmp'



Determining if the function splice exists passed with the following output:
Change Dir: /home/svemula/waffle_test/waffleClient/cmakebuild/libevent_ep-prefix/src/libevent_ep-build/CMakeFiles/CMakeTmp

Run Build Command(s):/usr/local/bin/cmake -E env VERBOSE=1 /usr/bin/make -f Makefile cmTC_e33cd/fast && make[3]: Entering directory '/home/svemula/waffle_test/waffleClient/cmakebuild/libevent_ep-prefix/src/libevent_ep-build/CMakeFiles/CMakeTmp'
/usr/bin/make  -f CMakeFiles/cmTC_e33cd.dir/build.make CMakeFiles/cmTC_e33cd.dir/build
make[4]: Entering directory '/home/svemula/waffle_test/waffleClient/cmakebuild/libevent_ep-prefix/src/libevent_ep-build/CMakeFiles/CMakeTmp'
Building C object CMakeFiles/cmTC_e33cd.dir/CheckFunctionExistsEx.c.o
/usr/bin/cc   -Wall -Wswitch -fno-strict-aliasing -DCHECK_FUNCTION_EXISTS=splice -o CMakeFiles/cmTC_e33cd.dir/CheckFunctionExistsEx.c.o -c /home/svemula/waffle_test/waffleClient/cmakebuild/libevent_ep-prefix/src/libevent_ep/cmake/CheckFunctionExistsEx.c
Linking C executable cmTC_e33cd
/usr/local/bin/cmake -E cmake_link_script CMakeFiles/cmTC_e33cd.dir/link.txt --verbose=1
/usr/bin/cc  -Wall -Wswitch -fno-strict-aliasing -DCHECK_FUNCTION_EXISTS=splice -rdynamic CMakeFiles/cmTC_e33cd.dir/CheckFunctionExistsEx.c.o -o cmTC_e33cd 
make[4]: Leaving directory '/home/svemula/waffle_test/waffleClient/cmakebuild/libevent_ep-prefix/src/libevent_ep-build/CMakeFiles/CMakeTmp'
make[3]: Leaving directory '/home/svemula/waffle_test/waffleClient/cmakebuild/libevent_ep-prefix/src/libevent_ep-build/CMakeFiles/CMakeTmp'



Determining if the function strsep exists passed with the following output:
Change Dir: /home/svemula/waffle_test/waffleClient/cmakebuild/libevent_ep-prefix/src/libevent_ep-build/CMakeFiles/CMakeTmp

Run Build Command(s):/usr/local/bin/cmake -E env VERBOSE=1 /usr/bin/make -f Makefile cmTC_7727c/fast && make[3]: Entering directory '/home/svemula/waffle_test/waffleClient/cmakebuild/libevent_ep-prefix/src/libevent_ep-build/CMakeFiles/CMakeTmp'
/usr/bin/make  -f CMakeFiles/cmTC_7727c.dir/build.make CMakeFiles/cmTC_7727c.dir/build
make[4]: Entering directory '/home/svemula/waffle_test/waffleClient/cmakebuild/libevent_ep-prefix/src/libevent_ep-build/CMakeFiles/CMakeTmp'
Building C object CMakeFiles/cmTC_7727c.dir/CheckFunctionExistsEx.c.o
/usr/bin/cc   -Wall -Wswitch -fno-strict-aliasing -DCHECK_FUNCTION_EXISTS=strsep -o CMakeFiles/cmTC_7727c.dir/CheckFunctionExistsEx.c.o -c /home/svemula/waffle_test/waffleClient/cmakebuild/libevent_ep-prefix/src/libevent_ep/cmake/CheckFunctionExistsEx.c
Linking C executable cmTC_7727c
/usr/local/bin/cmake -E cmake_link_script CMakeFiles/cmTC_7727c.dir/link.txt --verbose=1
/usr/bin/cc  -Wall -Wswitch -fno-strict-aliasing -DCHECK_FUNCTION_EXISTS=strsep -rdynamic CMakeFiles/cmTC_7727c.dir/CheckFunctionExistsEx.c.o -o cmTC_7727c 
make[4]: Leaving directory '/home/svemula/waffle_test/waffleClient/cmakebuild/libevent_ep-prefix/src/libevent_ep-build/CMakeFiles/CMakeTmp'
make[3]: Leaving directory '/home/svemula/waffle_test/waffleClient/cmakebuild/libevent_ep-prefix/src/libevent_ep-build/CMakeFiles/CMakeTmp'



Determining if the function strtok_r exists passed with the following output:
Change Dir: /home/svemula/waffle_test/waffleClient/cmakebuild/libevent_ep-prefix/src/libevent_ep-build/CMakeFiles/CMakeTmp

Run Build Command(s):/usr/local/bin/cmake -E env VERBOSE=1 /usr/bin/make -f Makefile cmTC_52742/fast && make[3]: Entering directory '/home/svemula/waffle_test/waffleClient/cmakebuild/libevent_ep-prefix/src/libevent_ep-build/CMakeFiles/CMakeTmp'
/usr/bin/make  -f CMakeFiles/cmTC_52742.dir/build.make CMakeFiles/cmTC_52742.dir/build
make[4]: Entering directory '/home/svemula/waffle_test/waffleClient/cmakebuild/libevent_ep-prefix/src/libevent_ep-build/CMakeFiles/CMakeTmp'
Building C object CMakeFiles/cmTC_52742.dir/CheckFunctionExistsEx.c.o
/usr/bin/cc   -Wall -Wswitch -fno-strict-aliasing -DCHECK_FUNCTION_EXISTS=strtok_r -o CMakeFiles/cmTC_52742.dir/CheckFunctionExistsEx.c.o -c /home/svemula/waffle_test/waffleClient/cmakebuild/libevent_ep-prefix/src/libevent_ep/cmake/CheckFunctionExistsEx.c
Linking C executable cmTC_52742
/usr/local/bin/cmake -E cmake_link_script CMakeFiles/cmTC_52742.dir/link.txt --verbose=1
/usr/bin/cc  -Wall -Wswitch -fno-strict-aliasing -DCHECK_FUNCTION_EXISTS=strtok_r -rdynamic CMakeFiles/cmTC_52742.dir/CheckFunctionExistsEx.c.o -o cmTC_52742 
make[4]: Leaving directory '/home/svemula/waffle_test/waffleClient/cmakebuild/libevent_ep-prefix/src/libevent_ep-build/CMakeFiles/CMakeTmp'
make[3]: Leaving directory '/home/svemula/waffle_test/waffleClient/cmakebuild/libevent_ep-prefix/src/libevent_ep-build/CMakeFiles/CMakeTmp'



Determining if the function strtoll exists passed with the following output:
Change Dir: /home/svemula/waffle_test/waffleClient/cmakebuild/libevent_ep-prefix/src/libevent_ep-build/CMakeFiles/CMakeTmp

Run Build Command(s):/usr/local/bin/cmake -E env VERBOSE=1 /usr/bin/make -f Makefile cmTC_455c8/fast && make[3]: Entering directory '/home/svemula/waffle_test/waffleClient/cmakebuild/libevent_ep-prefix/src/libevent_ep-build/CMakeFiles/CMakeTmp'
/usr/bin/make  -f CMakeFiles/cmTC_455c8.dir/build.make CMakeFiles/cmTC_455c8.dir/build
make[4]: Entering directory '/home/svemula/waffle_test/waffleClient/cmakebuild/libevent_ep-prefix/src/libevent_ep-build/CMakeFiles/CMakeTmp'
Building C object CMakeFiles/cmTC_455c8.dir/CheckFunctionExistsEx.c.o
/usr/bin/cc   -Wall -Wswitch -fno-strict-aliasing -DCHECK_FUNCTION_EXISTS=strtoll -o CMakeFiles/cmTC_455c8.dir/CheckFunctionExistsEx.c.o -c /home/svemula/waffle_test/waffleClient/cmakebuild/libevent_ep-prefix/src/libevent_ep/cmake/CheckFunctionExistsEx.c
Linking C executable cmTC_455c8
/usr/local/bin/cmake -E cmake_link_script CMakeFiles/cmTC_455c8.dir/link.txt --verbose=1
/usr/bin/cc  -Wall -Wswitch -fno-strict-aliasing -DCHECK_FUNCTION_EXISTS=strtoll -rdynamic CMakeFiles/cmTC_455c8.dir/CheckFunctionExistsEx.c.o -o cmTC_455c8 
make[4]: Leaving directory '/home/svemula/waffle_test/waffleClient/cmakebuild/libevent_ep-prefix/src/libevent_ep-build/CMakeFiles/CMakeTmp'
make[3]: Leaving directory '/home/svemula/waffle_test/waffleClient/cmakebuild/libevent_ep-prefix/src/libevent_ep-build/CMakeFiles/CMakeTmp'



Determining if the function vasprintf exists passed with the following output:
Change Dir: /home/svemula/waffle_test/waffleClient/cmakebuild/libevent_ep-prefix/src/libevent_ep-build/CMakeFiles/CMakeTmp

Run Build Command(s):/usr/local/bin/cmake -E env VERBOSE=1 /usr/bin/make -f Makefile cmTC_dda39/fast && make[3]: Entering directory '/home/svemula/waffle_test/waffleClient/cmakebuild/libevent_ep-prefix/src/libevent_ep-build/CMakeFiles/CMakeTmp'
/usr/bin/make  -f CMakeFiles/cmTC_dda39.dir/build.make CMakeFiles/cmTC_dda39.dir/build
make[4]: Entering directory '/home/svemula/waffle_test/waffleClient/cmakebuild/libevent_ep-prefix/src/libevent_ep-build/CMakeFiles/CMakeTmp'
Building C object CMakeFiles/cmTC_dda39.dir/CheckFunctionExistsEx.c.o
/usr/bin/cc   -Wall -Wswitch -fno-strict-aliasing -DCHECK_FUNCTION_EXISTS=vasprintf -o CMakeFiles/cmTC_dda39.dir/CheckFunctionExistsEx.c.o -c /home/svemula/waffle_test/waffleClient/cmakebuild/libevent_ep-prefix/src/libevent_ep/cmake/CheckFunctionExistsEx.c
Linking C executable cmTC_dda39
/usr/local/bin/cmake -E cmake_link_script CMakeFiles/cmTC_dda39.dir/link.txt --verbose=1
/usr/bin/cc  -Wall -Wswitch -fno-strict-aliasing -DCHECK_FUNCTION_EXISTS=vasprintf -rdynamic CMakeFiles/cmTC_dda39.dir/CheckFunctionExistsEx.c.o -o cmTC_dda39 
make[4]: Leaving directory '/home/svemula/waffle_test/waffleClient/cmakebuild/libevent_ep-prefix/src/libevent_ep-build/CMakeFiles/CMakeTmp'
make[3]: Leaving directory '/home/svemula/waffle_test/waffleClient/cmakebuild/libevent_ep-prefix/src/libevent_ep-build/CMakeFiles/CMakeTmp'



Determining if the function sysctl exists passed with the following output:
Change Dir: /home/svemula/waffle_test/waffleClient/cmakebuild/libevent_ep-prefix/src/libevent_ep-build/CMakeFiles/CMakeTmp

Run Build Command(s):/usr/local/bin/cmake -E env VERBOSE=1 /usr/bin/make -f Makefile cmTC_bde33/fast && make[3]: Entering directory '/home/svemula/waffle_test/waffleClient/cmakebuild/libevent_ep-prefix/src/libevent_ep-build/CMakeFiles/CMakeTmp'
/usr/bin/make  -f CMakeFiles/cmTC_bde33.dir/build.make CMakeFiles/cmTC_bde33.dir/build
make[4]: Entering directory '/home/svemula/waffle_test/waffleClient/cmakebuild/libevent_ep-prefix/src/libevent_ep-build/CMakeFiles/CMakeTmp'
Building C object CMakeFiles/cmTC_bde33.dir/CheckFunctionExistsEx.c.o
/usr/bin/cc   -Wall -Wswitch -fno-strict-aliasing -DCHECK_FUNCTION_EXISTS=sysctl -o CMakeFiles/cmTC_bde33.dir/CheckFunctionExistsEx.c.o -c /home/svemula/waffle_test/waffleClient/cmakebuild/libevent_ep-prefix/src/libevent_ep/cmake/CheckFunctionExistsEx.c
Linking C executable cmTC_bde33
/usr/local/bin/cmake -E cmake_link_script CMakeFiles/cmTC_bde33.dir/link.txt --verbose=1
/usr/bin/cc  -Wall -Wswitch -fno-strict-aliasing -DCHECK_FUNCTION_EXISTS=sysctl -rdynamic CMakeFiles/cmTC_bde33.dir/CheckFunctionExistsEx.c.o -o cmTC_bde33 
make[4]: Leaving directory '/home/svemula/waffle_test/waffleClient/cmakebuild/libevent_ep-prefix/src/libevent_ep-build/CMakeFiles/CMakeTmp'
make[3]: Leaving directory '/home/svemula/waffle_test/waffleClient/cmakebuild/libevent_ep-prefix/src/libevent_ep-build/CMakeFiles/CMakeTmp'



Determining if the function accept4 exists passed with the following output:
Change Dir: /home/svemula/waffle_test/waffleClient/cmakebuild/libevent_ep-prefix/src/libevent_ep-build/CMakeFiles/CMakeTmp

Run Build Command(s):/usr/local/bin/cmake -E env VERBOSE=1 /usr/bin/make -f Makefile cmTC_8ca96/fast && make[3]: Entering directory '/home/svemula/waffle_test/waffleClient/cmakebuild/libevent_ep-prefix/src/libevent_ep-build/CMakeFiles/CMakeTmp'
/usr/bin/make  -f CMakeFiles/cmTC_8ca96.dir/build.make CMakeFiles/cmTC_8ca96.dir/build
make[4]: Entering directory '/home/svemula/waffle_test/waffleClient/cmakebuild/libevent_ep-prefix/src/libevent_ep-build/CMakeFiles/CMakeTmp'
Building C object CMakeFiles/cmTC_8ca96.dir/CheckFunctionExistsEx.c.o
/usr/bin/cc   -Wall -Wswitch -fno-strict-aliasing -DCHECK_FUNCTION_EXISTS=accept4 -o CMakeFiles/cmTC_8ca96.dir/CheckFunctionExistsEx.c.o -c /home/svemula/waffle_test/waffleClient/cmakebuild/libevent_ep-prefix/src/libevent_ep/cmake/CheckFunctionExistsEx.c
Linking C executable cmTC_8ca96
/usr/local/bin/cmake -E cmake_link_script CMakeFiles/cmTC_8ca96.dir/link.txt --verbose=1
/usr/bin/cc  -Wall -Wswitch -fno-strict-aliasing -DCHECK_FUNCTION_EXISTS=accept4 -rdynamic CMakeFiles/cmTC_8ca96.dir/CheckFunctionExistsEx.c.o -o cmTC_8ca96 
make[4]: Leaving directory '/home/svemula/waffle_test/waffleClient/cmakebuild/libevent_ep-prefix/src/libevent_ep-build/CMakeFiles/CMakeTmp'
make[3]: Leaving directory '/home/svemula/waffle_test/waffleClient/cmakebuild/libevent_ep-prefix/src/libevent_ep-build/CMakeFiles/CMakeTmp'



Determining if the function epoll_create1 exists passed with the following output:
Change Dir: /home/svemula/waffle_test/waffleClient/cmakebuild/libevent_ep-prefix/src/libevent_ep-build/CMakeFiles/CMakeTmp

Run Build Command(s):/usr/local/bin/cmake -E env VERBOSE=1 /usr/bin/make -f Makefile cmTC_990e7/fast && make[3]: Entering directory '/home/svemula/waffle_test/waffleClient/cmakebuild/libevent_ep-prefix/src/libevent_ep-build/CMakeFiles/CMakeTmp'
/usr/bin/make  -f CMakeFiles/cmTC_990e7.dir/build.make CMakeFiles/cmTC_990e7.dir/build
make[4]: Entering directory '/home/svemula/waffle_test/waffleClient/cmakebuild/libevent_ep-prefix/src/libevent_ep-build/CMakeFiles/CMakeTmp'
Building C object CMakeFiles/cmTC_990e7.dir/CheckFunctionExistsEx.c.o
/usr/bin/cc   -Wall -Wswitch -fno-strict-aliasing -DCHECK_FUNCTION_EXISTS=epoll_create1 -o CMakeFiles/cmTC_990e7.dir/CheckFunctionExistsEx.c.o -c /home/svemula/waffle_test/waffleClient/cmakebuild/libevent_ep-prefix/src/libevent_ep/cmake/CheckFunctionExistsEx.c
Linking C executable cmTC_990e7
/usr/local/bin/cmake -E cmake_link_script CMakeFiles/cmTC_990e7.dir/link.txt --verbose=1
/usr/bin/cc  -Wall -Wswitch -fno-strict-aliasing -DCHECK_FUNCTION_EXISTS=epoll_create1 -rdynamic CMakeFiles/cmTC_990e7.dir/CheckFunctionExistsEx.c.o -o cmTC_990e7 
make[4]: Leaving directory '/home/svemula/waffle_test/waffleClient/cmakebuild/libevent_ep-prefix/src/libevent_ep-build/CMakeFiles/CMakeTmp'
make[3]: Leaving directory '/home/svemula/waffle_test/waffleClient/cmakebuild/libevent_ep-prefix/src/libevent_ep-build/CMakeFiles/CMakeTmp'



Determining if the function getegid exists passed with the following output:
Change Dir: /home/svemula/waffle_test/waffleClient/cmakebuild/libevent_ep-prefix/src/libevent_ep-build/CMakeFiles/CMakeTmp

Run Build Command(s):/usr/local/bin/cmake -E env VERBOSE=1 /usr/bin/make -f Makefile cmTC_2a1ab/fast && make[3]: Entering directory '/home/svemula/waffle_test/waffleClient/cmakebuild/libevent_ep-prefix/src/libevent_ep-build/CMakeFiles/CMakeTmp'
/usr/bin/make  -f CMakeFiles/cmTC_2a1ab.dir/build.make CMakeFiles/cmTC_2a1ab.dir/build
make[4]: Entering directory '/home/svemula/waffle_test/waffleClient/cmakebuild/libevent_ep-prefix/src/libevent_ep-build/CMakeFiles/CMakeTmp'
Building C object CMakeFiles/cmTC_2a1ab.dir/CheckFunctionExistsEx.c.o
/usr/bin/cc   -Wall -Wswitch -fno-strict-aliasing -DCHECK_FUNCTION_EXISTS=getegid -o CMakeFiles/cmTC_2a1ab.dir/CheckFunctionExistsEx.c.o -c /home/svemula/waffle_test/waffleClient/cmakebuild/libevent_ep-prefix/src/libevent_ep/cmake/CheckFunctionExistsEx.c
Linking C executable cmTC_2a1ab
/usr/local/bin/cmake -E cmake_link_script CMakeFiles/cmTC_2a1ab.dir/link.txt --verbose=1
/usr/bin/cc  -Wall -Wswitch -fno-strict-aliasing -DCHECK_FUNCTION_EXISTS=getegid -rdynamic CMakeFiles/cmTC_2a1ab.dir/CheckFunctionExistsEx.c.o -o cmTC_2a1ab 
make[4]: Leaving directory '/home/svemula/waffle_test/waffleClient/cmakebuild/libevent_ep-prefix/src/libevent_ep-build/CMakeFiles/CMakeTmp'
make[3]: Leaving directory '/home/svemula/waffle_test/waffleClient/cmakebuild/libevent_ep-prefix/src/libevent_ep-build/CMakeFiles/CMakeTmp'



Determining if the function geteuid exists passed with the following output:
Change Dir: /home/svemula/waffle_test/waffleClient/cmakebuild/libevent_ep-prefix/src/libevent_ep-build/CMakeFiles/CMakeTmp

Run Build Command(s):/usr/local/bin/cmake -E env VERBOSE=1 /usr/bin/make -f Makefile cmTC_f0e9e/fast && make[3]: Entering directory '/home/svemula/waffle_test/waffleClient/cmakebuild/libevent_ep-prefix/src/libevent_ep-build/CMakeFiles/CMakeTmp'
/usr/bin/make  -f CMakeFiles/cmTC_f0e9e.dir/build.make CMakeFiles/cmTC_f0e9e.dir/build
make[4]: Entering directory '/home/svemula/waffle_test/waffleClient/cmakebuild/libevent_ep-prefix/src/libevent_ep-build/CMakeFiles/CMakeTmp'
Building C object CMakeFiles/cmTC_f0e9e.dir/CheckFunctionExistsEx.c.o
/usr/bin/cc   -Wall -Wswitch -fno-strict-aliasing -DCHECK_FUNCTION_EXISTS=geteuid -o CMakeFiles/cmTC_f0e9e.dir/CheckFunctionExistsEx.c.o -c /home/svemula/waffle_test/waffleClient/cmakebuild/libevent_ep-prefix/src/libevent_ep/cmake/CheckFunctionExistsEx.c
Linking C executable cmTC_f0e9e
/usr/local/bin/cmake -E cmake_link_script CMakeFiles/cmTC_f0e9e.dir/link.txt --verbose=1
/usr/bin/cc  -Wall -Wswitch -fno-strict-aliasing -DCHECK_FUNCTION_EXISTS=geteuid -rdynamic CMakeFiles/cmTC_f0e9e.dir/CheckFunctionExistsEx.c.o -o cmTC_f0e9e 
make[4]: Leaving directory '/home/svemula/waffle_test/waffleClient/cmakebuild/libevent_ep-prefix/src/libevent_ep-build/CMakeFiles/CMakeTmp'
make[3]: Leaving directory '/home/svemula/waffle_test/waffleClient/cmakebuild/libevent_ep-prefix/src/libevent_ep-build/CMakeFiles/CMakeTmp'



Determining if the function getifaddrs exists passed with the following output:
Change Dir: /home/svemula/waffle_test/waffleClient/cmakebuild/libevent_ep-prefix/src/libevent_ep-build/CMakeFiles/CMakeTmp

Run Build Command(s):/usr/local/bin/cmake -E env VERBOSE=1 /usr/bin/make -f Makefile cmTC_d107b/fast && make[3]: Entering directory '/home/svemula/waffle_test/waffleClient/cmakebuild/libevent_ep-prefix/src/libevent_ep-build/CMakeFiles/CMakeTmp'
/usr/bin/make  -f CMakeFiles/cmTC_d107b.dir/build.make CMakeFiles/cmTC_d107b.dir/build
make[4]: Entering directory '/home/svemula/waffle_test/waffleClient/cmakebuild/libevent_ep-prefix/src/libevent_ep-build/CMakeFiles/CMakeTmp'
Building C object CMakeFiles/cmTC_d107b.dir/CheckFunctionExistsEx.c.o
/usr/bin/cc   -Wall -Wswitch -fno-strict-aliasing -DCHECK_FUNCTION_EXISTS=getifaddrs -o CMakeFiles/cmTC_d107b.dir/CheckFunctionExistsEx.c.o -c /home/svemula/waffle_test/waffleClient/cmakebuild/libevent_ep-prefix/src/libevent_ep/cmake/CheckFunctionExistsEx.c
Linking C executable cmTC_d107b
/usr/local/bin/cmake -E cmake_link_script CMakeFiles/cmTC_d107b.dir/link.txt --verbose=1
/usr/bin/cc  -Wall -Wswitch -fno-strict-aliasing -DCHECK_FUNCTION_EXISTS=getifaddrs -rdynamic CMakeFiles/cmTC_d107b.dir/CheckFunctionExistsEx.c.o -o cmTC_d107b 
make[4]: Leaving directory '/home/svemula/waffle_test/waffleClient/cmakebuild/libevent_ep-prefix/src/libevent_ep-build/CMakeFiles/CMakeTmp'
make[3]: Leaving directory '/home/svemula/waffle_test/waffleClient/cmakebuild/libevent_ep-prefix/src/libevent_ep-build/CMakeFiles/CMakeTmp'



Determining if the function nanosleep exists passed with the following output:
Change Dir: /home/svemula/waffle_test/waffleClient/cmakebuild/libevent_ep-prefix/src/libevent_ep-build/CMakeFiles/CMakeTmp

Run Build Command(s):/usr/local/bin/cmake -E env VERBOSE=1 /usr/bin/make -f Makefile cmTC_afd8d/fast && make[3]: Entering directory '/home/svemula/waffle_test/waffleClient/cmakebuild/libevent_ep-prefix/src/libevent_ep-build/CMakeFiles/CMakeTmp'
/usr/bin/make  -f CMakeFiles/cmTC_afd8d.dir/build.make CMakeFiles/cmTC_afd8d.dir/build
make[4]: Entering directory '/home/svemula/waffle_test/waffleClient/cmakebuild/libevent_ep-prefix/src/libevent_ep-build/CMakeFiles/CMakeTmp'
Building C object CMakeFiles/cmTC_afd8d.dir/CheckFunctionExistsEx.c.o
/usr/bin/cc   -Wall -Wswitch -fno-strict-aliasing -DCHECK_FUNCTION_EXISTS=nanosleep -o CMakeFiles/cmTC_afd8d.dir/CheckFunctionExistsEx.c.o -c /home/svemula/waffle_test/waffleClient/cmakebuild/libevent_ep-prefix/src/libevent_ep/cmake/CheckFunctionExistsEx.c
Linking C executable cmTC_afd8d
/usr/local/bin/cmake -E cmake_link_script CMakeFiles/cmTC_afd8d.dir/link.txt --verbose=1
/usr/bin/cc  -Wall -Wswitch -fno-strict-aliasing -DCHECK_FUNCTION_EXISTS=nanosleep -rdynamic CMakeFiles/cmTC_afd8d.dir/CheckFunctionExistsEx.c.o -o cmTC_afd8d 
make[4]: Leaving directory '/home/svemula/waffle_test/waffleClient/cmakebuild/libevent_ep-prefix/src/libevent_ep-build/CMakeFiles/CMakeTmp'
make[3]: Leaving directory '/home/svemula/waffle_test/waffleClient/cmakebuild/libevent_ep-prefix/src/libevent_ep-build/CMakeFiles/CMakeTmp'



Determining if the function usleep exists passed with the following output:
Change Dir: /home/svemula/waffle_test/waffleClient/cmakebuild/libevent_ep-prefix/src/libevent_ep-build/CMakeFiles/CMakeTmp

Run Build Command(s):/usr/local/bin/cmake -E env VERBOSE=1 /usr/bin/make -f Makefile cmTC_e6d71/fast && make[3]: Entering directory '/home/svemula/waffle_test/waffleClient/cmakebuild/libevent_ep-prefix/src/libevent_ep-build/CMakeFiles/CMakeTmp'
/usr/bin/make  -f CMakeFiles/cmTC_e6d71.dir/build.make CMakeFiles/cmTC_e6d71.dir/build
make[4]: Entering directory '/home/svemula/waffle_test/waffleClient/cmakebuild/libevent_ep-prefix/src/libevent_ep-build/CMakeFiles/CMakeTmp'
Building C object CMakeFiles/cmTC_e6d71.dir/CheckFunctionExistsEx.c.o
/usr/bin/cc   -Wall -Wswitch -fno-strict-aliasing -DCHECK_FUNCTION_EXISTS=usleep -o CMakeFiles/cmTC_e6d71.dir/CheckFunctionExistsEx.c.o -c /home/svemula/waffle_test/waffleClient/cmakebuild/libevent_ep-prefix/src/libevent_ep/cmake/CheckFunctionExistsEx.c
Linking C executable cmTC_e6d71
/usr/local/bin/cmake -E cmake_link_script CMakeFiles/cmTC_e6d71.dir/link.txt --verbose=1
/usr/bin/cc  -Wall -Wswitch -fno-strict-aliasing -DCHECK_FUNCTION_EXISTS=usleep -rdynamic CMakeFiles/cmTC_e6d71.dir/CheckFunctionExistsEx.c.o -o cmTC_e6d71 
make[4]: Leaving directory '/home/svemula/waffle_test/waffleClient/cmakebuild/libevent_ep-prefix/src/libevent_ep-build/CMakeFiles/CMakeTmp'
make[3]: Leaving directory '/home/svemula/waffle_test/waffleClient/cmakebuild/libevent_ep-prefix/src/libevent_ep-build/CMakeFiles/CMakeTmp'



Determining if the function timerfd_create exists passed with the following output:
Change Dir: /home/svemula/waffle_test/waffleClient/cmakebuild/libevent_ep-prefix/src/libevent_ep-build/CMakeFiles/CMakeTmp

Run Build Command(s):/usr/local/bin/cmake -E env VERBOSE=1 /usr/bin/make -f Makefile cmTC_d07d1/fast && make[3]: Entering directory '/home/svemula/waffle_test/waffleClient/cmakebuild/libevent_ep-prefix/src/libevent_ep-build/CMakeFiles/CMakeTmp'
/usr/bin/make  -f CMakeFiles/cmTC_d07d1.dir/build.make CMakeFiles/cmTC_d07d1.dir/build
make[4]: Entering directory '/home/svemula/waffle_test/waffleClient/cmakebuild/libevent_ep-prefix/src/libevent_ep-build/CMakeFiles/CMakeTmp'
Building C object CMakeFiles/cmTC_d07d1.dir/CheckFunctionExistsEx.c.o
/usr/bin/cc   -Wall -Wswitch -fno-strict-aliasing -DCHECK_FUNCTION_EXISTS=timerfd_create -o CMakeFiles/cmTC_d07d1.dir/CheckFunctionExistsEx.c.o -c /home/svemula/waffle_test/waffleClient/cmakebuild/libevent_ep-prefix/src/libevent_ep/cmake/CheckFunctionExistsEx.c
Linking C executable cmTC_d07d1
/usr/local/bin/cmake -E cmake_link_script CMakeFiles/cmTC_d07d1.dir/link.txt --verbose=1
/usr/bin/cc  -Wall -Wswitch -fno-strict-aliasing -DCHECK_FUNCTION_EXISTS=timerfd_create -rdynamic CMakeFiles/cmTC_d07d1.dir/CheckFunctionExistsEx.c.o -o cmTC_d07d1 
make[4]: Leaving directory '/home/svemula/waffle_test/waffleClient/cmakebuild/libevent_ep-prefix/src/libevent_ep-build/CMakeFiles/CMakeTmp'
make[3]: Leaving directory '/home/svemula/waffle_test/waffleClient/cmakebuild/libevent_ep-prefix/src/libevent_ep-build/CMakeFiles/CMakeTmp'



Determining if the function putenv exists passed with the following output:
Change Dir: /home/svemula/waffle_test/waffleClient/cmakebuild/libevent_ep-prefix/src/libevent_ep-build/CMakeFiles/CMakeTmp

Run Build Command(s):/usr/local/bin/cmake -E env VERBOSE=1 /usr/bin/make -f Makefile cmTC_630b8/fast && make[3]: Entering directory '/home/svemula/waffle_test/waffleClient/cmakebuild/libevent_ep-prefix/src/libevent_ep-build/CMakeFiles/CMakeTmp'
/usr/bin/make  -f CMakeFiles/cmTC_630b8.dir/build.make CMakeFiles/cmTC_630b8.dir/build
make[4]: Entering directory '/home/svemula/waffle_test/waffleClient/cmakebuild/libevent_ep-prefix/src/libevent_ep-build/CMakeFiles/CMakeTmp'
Building C object CMakeFiles/cmTC_630b8.dir/CheckFunctionExistsEx.c.o
/usr/bin/cc   -Wall -Wswitch -fno-strict-aliasing -DCHECK_FUNCTION_EXISTS=putenv -o CMakeFiles/cmTC_630b8.dir/CheckFunctionExistsEx.c.o -c /home/svemula/waffle_test/waffleClient/cmakebuild/libevent_ep-prefix/src/libevent_ep/cmake/CheckFunctionExistsEx.c
Linking C executable cmTC_630b8
/usr/local/bin/cmake -E cmake_link_script CMakeFiles/cmTC_630b8.dir/link.txt --verbose=1
/usr/bin/cc  -Wall -Wswitch -fno-strict-aliasing -DCHECK_FUNCTION_EXISTS=putenv -rdynamic CMakeFiles/cmTC_630b8.dir/CheckFunctionExistsEx.c.o -o cmTC_630b8 
make[4]: Leaving directory '/home/svemula/waffle_test/waffleClient/cmakebuild/libevent_ep-prefix/src/libevent_ep-build/CMakeFiles/CMakeTmp'
make[3]: Leaving directory '/home/svemula/waffle_test/waffleClient/cmakebuild/libevent_ep-prefix/src/libevent_ep-build/CMakeFiles/CMakeTmp'



Determining if the function setenv exists passed with the following output:
Change Dir: /home/svemula/waffle_test/waffleClient/cmakebuild/libevent_ep-prefix/src/libevent_ep-build/CMakeFiles/CMakeTmp

Run Build Command(s):/usr/local/bin/cmake -E env VERBOSE=1 /usr/bin/make -f Makefile cmTC_adeb3/fast && make[3]: Entering directory '/home/svemula/waffle_test/waffleClient/cmakebuild/libevent_ep-prefix/src/libevent_ep-build/CMakeFiles/CMakeTmp'
/usr/bin/make  -f CMakeFiles/cmTC_adeb3.dir/build.make CMakeFiles/cmTC_adeb3.dir/build
make[4]: Entering directory '/home/svemula/waffle_test/waffleClient/cmakebuild/libevent_ep-prefix/src/libevent_ep-build/CMakeFiles/CMakeTmp'
Building C object CMakeFiles/cmTC_adeb3.dir/CheckFunctionExistsEx.c.o
/usr/bin/cc   -Wall -Wswitch -fno-strict-aliasing -DCHECK_FUNCTION_EXISTS=setenv -o CMakeFiles/cmTC_adeb3.dir/CheckFunctionExistsEx.c.o -c /home/svemula/waffle_test/waffleClient/cmakebuild/libevent_ep-prefix/src/libevent_ep/cmake/CheckFunctionExistsEx.c
Linking C executable cmTC_adeb3
/usr/local/bin/cmake -E cmake_link_script CMakeFiles/cmTC_adeb3.dir/link.txt --verbose=1
/usr/bin/cc  -Wall -Wswitch -fno-strict-aliasing -DCHECK_FUNCTION_EXISTS=setenv -rdynamic CMakeFiles/cmTC_adeb3.dir/CheckFunctionExistsEx.c.o -o cmTC_adeb3 
make[4]: Leaving directory '/home/svemula/waffle_test/waffleClient/cmakebuild/libevent_ep-prefix/src/libevent_ep-build/CMakeFiles/CMakeTmp'
make[3]: Leaving directory '/home/svemula/waffle_test/waffleClient/cmakebuild/libevent_ep-prefix/src/libevent_ep-build/CMakeFiles/CMakeTmp'



Determining if the function setrlimit exists passed with the following output:
Change Dir: /home/svemula/waffle_test/waffleClient/cmakebuild/libevent_ep-prefix/src/libevent_ep-build/CMakeFiles/CMakeTmp

Run Build Command(s):/usr/local/bin/cmake -E env VERBOSE=1 /usr/bin/make -f Makefile cmTC_6da2e/fast && make[3]: Entering directory '/home/svemula/waffle_test/waffleClient/cmakebuild/libevent_ep-prefix/src/libevent_ep-build/CMakeFiles/CMakeTmp'
/usr/bin/make  -f CMakeFiles/cmTC_6da2e.dir/build.make CMakeFiles/cmTC_6da2e.dir/build
make[4]: Entering directory '/home/svemula/waffle_test/waffleClient/cmakebuild/libevent_ep-prefix/src/libevent_ep-build/CMakeFiles/CMakeTmp'
Building C object CMakeFiles/cmTC_6da2e.dir/CheckFunctionExistsEx.c.o
/usr/bin/cc   -Wall -Wswitch -fno-strict-aliasing -DCHECK_FUNCTION_EXISTS=setrlimit -o CMakeFiles/cmTC_6da2e.dir/CheckFunctionExistsEx.c.o -c /home/svemula/waffle_test/waffleClient/cmakebuild/libevent_ep-prefix/src/libevent_ep/cmake/CheckFunctionExistsEx.c
Linking C executable cmTC_6da2e
/usr/local/bin/cmake -E cmake_link_script CMakeFiles/cmTC_6da2e.dir/link.txt --verbose=1
/usr/bin/cc  -Wall -Wswitch -fno-strict-aliasing -DCHECK_FUNCTION_EXISTS=setrlimit -rdynamic CMakeFiles/cmTC_6da2e.dir/CheckFunctionExistsEx.c.o -o cmTC_6da2e 
make[4]: Leaving directory '/home/svemula/waffle_test/waffleClient/cmakebuild/libevent_ep-prefix/src/libevent_ep-build/CMakeFiles/CMakeTmp'
make[3]: Leaving directory '/home/svemula/waffle_test/waffleClient/cmakebuild/libevent_ep-prefix/src/libevent_ep-build/CMakeFiles/CMakeTmp'



Determining if the function umask exists passed with the following output:
Change Dir: /home/svemula/waffle_test/waffleClient/cmakebuild/libevent_ep-prefix/src/libevent_ep-build/CMakeFiles/CMakeTmp

Run Build Command(s):/usr/local/bin/cmake -E env VERBOSE=1 /usr/bin/make -f Makefile cmTC_b8a44/fast && make[3]: Entering directory '/home/svemula/waffle_test/waffleClient/cmakebuild/libevent_ep-prefix/src/libevent_ep-build/CMakeFiles/CMakeTmp'
/usr/bin/make  -f CMakeFiles/cmTC_b8a44.dir/build.make CMakeFiles/cmTC_b8a44.dir/build
make[4]: Entering directory '/home/svemula/waffle_test/waffleClient/cmakebuild/libevent_ep-prefix/src/libevent_ep-build/CMakeFiles/CMakeTmp'
Building C object CMakeFiles/cmTC_b8a44.dir/CheckFunctionExistsEx.c.o
/usr/bin/cc   -Wall -Wswitch -fno-strict-aliasing -DCHECK_FUNCTION_EXISTS=umask -o CMakeFiles/cmTC_b8a44.dir/CheckFunctionExistsEx.c.o -c /home/svemula/waffle_test/waffleClient/cmakebuild/libevent_ep-prefix/src/libevent_ep/cmake/CheckFunctionExistsEx.c
Linking C executable cmTC_b8a44
/usr/local/bin/cmake -E cmake_link_script CMakeFiles/cmTC_b8a44.dir/link.txt --verbose=1
/usr/bin/cc  -Wall -Wswitch -fno-strict-aliasing -DCHECK_FUNCTION_EXISTS=umask -rdynamic CMakeFiles/cmTC_b8a44.dir/CheckFunctionExistsEx.c.o -o cmTC_b8a44 
make[4]: Leaving directory '/home/svemula/waffle_test/waffleClient/cmakebuild/libevent_ep-prefix/src/libevent_ep-build/CMakeFiles/CMakeTmp'
make[3]: Leaving directory '/home/svemula/waffle_test/waffleClient/cmakebuild/libevent_ep-prefix/src/libevent_ep-build/CMakeFiles/CMakeTmp'



Determining if the function unsetenv exists passed with the following output:
Change Dir: /home/svemula/waffle_test/waffleClient/cmakebuild/libevent_ep-prefix/src/libevent_ep-build/CMakeFiles/CMakeTmp

Run Build Command(s):/usr/local/bin/cmake -E env VERBOSE=1 /usr/bin/make -f Makefile cmTC_792c2/fast && make[3]: Entering directory '/home/svemula/waffle_test/waffleClient/cmakebuild/libevent_ep-prefix/src/libevent_ep-build/CMakeFiles/CMakeTmp'
/usr/bin/make  -f CMakeFiles/cmTC_792c2.dir/build.make CMakeFiles/cmTC_792c2.dir/build
make[4]: Entering directory '/home/svemula/waffle_test/waffleClient/cmakebuild/libevent_ep-prefix/src/libevent_ep-build/CMakeFiles/CMakeTmp'
Building C object CMakeFiles/cmTC_792c2.dir/CheckFunctionExistsEx.c.o
/usr/bin/cc   -Wall -Wswitch -fno-strict-aliasing -DCHECK_FUNCTION_EXISTS=unsetenv -o CMakeFiles/cmTC_792c2.dir/CheckFunctionExistsEx.c.o -c /home/svemula/waffle_test/waffleClient/cmakebuild/libevent_ep-prefix/src/libevent_ep/cmake/CheckFunctionExistsEx.c
Linking C executable cmTC_792c2
/usr/local/bin/cmake -E cmake_link_script CMakeFiles/cmTC_792c2.dir/link.txt --verbose=1
/usr/bin/cc  -Wall -Wswitch -fno-strict-aliasing -DCHECK_FUNCTION_EXISTS=unsetenv -rdynamic CMakeFiles/cmTC_792c2.dir/CheckFunctionExistsEx.c.o -o cmTC_792c2 
make[4]: Leaving directory '/home/svemula/waffle_test/waffleClient/cmakebuild/libevent_ep-prefix/src/libevent_ep-build/CMakeFiles/CMakeTmp'
make[3]: Leaving directory '/home/svemula/waffle_test/waffleClient/cmakebuild/libevent_ep-prefix/src/libevent_ep-build/CMakeFiles/CMakeTmp'



Determining if the function gethostbyname_r exists passed with the following output:
Change Dir: /home/svemula/waffle_test/waffleClient/cmakebuild/libevent_ep-prefix/src/libevent_ep-build/CMakeFiles/CMakeTmp

Run Build Command(s):/usr/local/bin/cmake -E env VERBOSE=1 /usr/bin/make -f Makefile cmTC_d96e6/fast && make[3]: Entering directory '/home/svemula/waffle_test/waffleClient/cmakebuild/libevent_ep-prefix/src/libevent_ep-build/CMakeFiles/CMakeTmp'
/usr/bin/make  -f CMakeFiles/cmTC_d96e6.dir/build.make CMakeFiles/cmTC_d96e6.dir/build
make[4]: Entering directory '/home/svemula/waffle_test/waffleClient/cmakebuild/libevent_ep-prefix/src/libevent_ep-build/CMakeFiles/CMakeTmp'
Building C object CMakeFiles/cmTC_d96e6.dir/CheckFunctionExistsEx.c.o
/usr/bin/cc   -Wall -Wswitch -fno-strict-aliasing -DCHECK_FUNCTION_EXISTS=gethostbyname_r -o CMakeFiles/cmTC_d96e6.dir/CheckFunctionExistsEx.c.o -c /home/svemula/waffle_test/waffleClient/cmakebuild/libevent_ep-prefix/src/libevent_ep/cmake/CheckFunctionExistsEx.c
Linking C executable cmTC_d96e6
/usr/local/bin/cmake -E cmake_link_script CMakeFiles/cmTC_d96e6.dir/link.txt --verbose=1
/usr/bin/cc  -Wall -Wswitch -fno-strict-aliasing -DCHECK_FUNCTION_EXISTS=gethostbyname_r -rdynamic CMakeFiles/cmTC_d96e6.dir/CheckFunctionExistsEx.c.o -o cmTC_d96e6 
make[4]: Leaving directory '/home/svemula/waffle_test/waffleClient/cmakebuild/libevent_ep-prefix/src/libevent_ep-build/CMakeFiles/CMakeTmp'
make[3]: Leaving directory '/home/svemula/waffle_test/waffleClient/cmakebuild/libevent_ep-prefix/src/libevent_ep-build/CMakeFiles/CMakeTmp'



Determining if the prototype gethostbyname_r exists for EVENT__HAVE_GETHOSTBYNAME_R_6_ARG passed with the following output:
Change Dir: /home/svemula/waffle_test/waffleClient/cmakebuild/libevent_ep-prefix/src/libevent_ep-build/CMakeFiles/CMakeTmp

Run Build Command(s):/usr/local/bin/cmake -E env VERBOSE=1 /usr/bin/make -f Makefile cmTC_8f923/fast && make[3]: Entering directory '/home/svemula/waffle_test/waffleClient/cmakebuild/libevent_ep-prefix/src/libevent_ep-build/CMakeFiles/CMakeTmp'
/usr/bin/make  -f CMakeFiles/cmTC_8f923.dir/build.make CMakeFiles/cmTC_8f923.dir/build
make[4]: Entering directory '/home/svemula/waffle_test/waffleClient/cmakebuild/libevent_ep-prefix/src/libevent_ep-build/CMakeFiles/CMakeTmp'
Building C object CMakeFiles/cmTC_8f923.dir/CheckPrototypeDefinition.c.o
/usr/bin/cc   -Wall -Wswitch -fno-strict-aliasing  -o CMakeFiles/cmTC_8f923.dir/CheckPrototypeDefinition.c.o -c /home/svemula/waffle_test/waffleClient/cmakebuild/libevent_ep-prefix/src/libevent_ep-build/CMakeFiles/CMakeTmp/CheckPrototypeDefinition.c
Linking C executable cmTC_8f923
/usr/local/bin/cmake -E cmake_link_script CMakeFiles/cmTC_8f923.dir/link.txt --verbose=1
/usr/bin/cc  -Wall -Wswitch -fno-strict-aliasing  -rdynamic CMakeFiles/cmTC_8f923.dir/CheckPrototypeDefinition.c.o -o cmTC_8f923 
make[4]: Leaving directory '/home/svemula/waffle_test/waffleClient/cmakebuild/libevent_ep-prefix/src/libevent_ep-build/CMakeFiles/CMakeTmp'
make[3]: Leaving directory '/home/svemula/waffle_test/waffleClient/cmakebuild/libevent_ep-prefix/src/libevent_ep-build/CMakeFiles/CMakeTmp'



Determining if the function select exists passed with the following output:
Change Dir: /home/svemula/waffle_test/waffleClient/cmakebuild/libevent_ep-prefix/src/libevent_ep-build/CMakeFiles/CMakeTmp

Run Build Command(s):/usr/local/bin/cmake -E env VERBOSE=1 /usr/bin/make -f Makefile cmTC_34cc6/fast && make[3]: Entering directory '/home/svemula/waffle_test/waffleClient/cmakebuild/libevent_ep-prefix/src/libevent_ep-build/CMakeFiles/CMakeTmp'
/usr/bin/make  -f CMakeFiles/cmTC_34cc6.dir/build.make CMakeFiles/cmTC_34cc6.dir/build
make[4]: Entering directory '/home/svemula/waffle_test/waffleClient/cmakebuild/libevent_ep-prefix/src/libevent_ep-build/CMakeFiles/CMakeTmp'
Building C object CMakeFiles/cmTC_34cc6.dir/CheckFunctionExistsEx.c.o
/usr/bin/cc   -Wall -Wswitch -fno-strict-aliasing -DCHECK_FUNCTION_EXISTS=select -o CMakeFiles/cmTC_34cc6.dir/CheckFunctionExistsEx.c.o -c /home/svemula/waffle_test/waffleClient/cmakebuild/libevent_ep-prefix/src/libevent_ep/cmake/CheckFunctionExistsEx.c
Linking C executable cmTC_34cc6
/usr/local/bin/cmake -E cmake_link_script CMakeFiles/cmTC_34cc6.dir/link.txt --verbose=1
/usr/bin/cc  -Wall -Wswitch -fno-strict-aliasing -DCHECK_FUNCTION_EXISTS=select -rdynamic CMakeFiles/cmTC_34cc6.dir/CheckFunctionExistsEx.c.o -o cmTC_34cc6 
make[4]: Leaving directory '/home/svemula/waffle_test/waffleClient/cmakebuild/libevent_ep-prefix/src/libevent_ep-build/CMakeFiles/CMakeTmp'
make[3]: Leaving directory '/home/svemula/waffle_test/waffleClient/cmakebuild/libevent_ep-prefix/src/libevent_ep-build/CMakeFiles/CMakeTmp'



The system is: Linux - /bin/sh: 1: /usr/bin/uname: not found - unknown
Compiling the C compiler identification source file "CMakeCCompilerId.c" succeeded.
Compiler: /usr/bin/cc 
Build flags: 
Id flags:  

The output was:
0


Compilation of the C compiler identification source "CMakeCCompilerId.c" produced "a.out"

The C compiler identification is GNU, found in "/home/svemula/waffle_test/waffleClient/cmakebuild/libevent_ep-prefix/src/libevent_ep-build/CMakeFiles/3.16.3/CompilerIdC/a.out"

Determining if the C compiler works passed with the following output:
Change Dir: /home/svemula/waffle_test/waffleClient/cmakebuild/libevent_ep-prefix/src/libevent_ep-build/CMakeFiles/CMakeTmp

Run Build Command(s):/usr/bin/make cmTC_5784a/fast && make[3]: Entering directory '/home/svemula/waffle_test/waffleClient/cmakebuild/libevent_ep-prefix/src/libevent_ep-build/CMakeFiles/CMakeTmp'
/usr/bin/make -f CMakeFiles/cmTC_5784a.dir/build.make CMakeFiles/cmTC_5784a.dir/build
make[4]: Entering directory '/home/svemula/waffle_test/waffleClient/cmakebuild/libevent_ep-prefix/src/libevent_ep-build/CMakeFiles/CMakeTmp'
Building C object CMakeFiles/cmTC_5784a.dir/testCCompiler.c.o
/usr/bin/cc    -o CMakeFiles/cmTC_5784a.dir/testCCompiler.c.o   -c /home/svemula/waffle_test/waffleClient/cmakebuild/libevent_ep-prefix/src/libevent_ep-build/CMakeFiles/CMakeTmp/testCCompiler.c
Linking C executable cmTC_5784a
/usr/bin/cmake -E cmake_link_script CMakeFiles/cmTC_5784a.dir/link.txt --verbose=1
/usr/bin/cc      -rdynamic CMakeFiles/cmTC_5784a.dir/testCCompiler.c.o  -o cmTC_5784a 
make[4]: Leaving directory '/home/svemula/waffle_test/waffleClient/cmakebuild/libevent_ep-prefix/src/libevent_ep-build/CMakeFiles/CMakeTmp'
make[3]: Leaving directory '/home/svemula/waffle_test/waffleClient/cmakebuild/libevent_ep-prefix/src/libevent_ep-build/CMakeFiles/CMakeTmp'



Detecting C compiler ABI info compiled with the following output:
Change Dir: /home/svemula/waffle_test/waffleClient/cmakebuild/libevent_ep-prefix/src/libevent_ep-build/CMakeFiles/CMakeTmp

Run Build Command(s):/usr/bin/make cmTC_ab4a8/fast && make[3]: Entering directory '/home/svemula/waffle_test/waffleClient/cmakebuild/libevent_ep-prefix/src/libevent_ep-build/CMakeFiles/CMakeTmp'
/usr/bin/make -f CMakeFiles/cmTC_ab4a8.dir/build.make CMakeFiles/cmTC_ab4a8.dir/build
make[4]: Entering directory '/home/svemula/waffle_test/waffleClient/cmakebuild/libevent_ep-prefix/src/libevent_ep-build/CMakeFiles/CMakeTmp'
Building C object CMakeFiles/cmTC_ab4a8.dir/CMakeCCompilerABI.c.o
/usr/bin/cc   -v -o CMakeFiles/cmTC_ab4a8.dir/CMakeCCompilerABI.c.o   -c /usr/share/cmake-3.16/Modules/CMakeCCompilerABI.c
Using built-in specs.
COLLECT_GCC=/usr/bin/cc
OFFLOAD_TARGET_NAMES=nvptx-none:hsa
OFFLOAD_TARGET_DEFAULT=1
Target: x86_64-linux-gnu
Configured with: ../src/configure -v --with-pkgversion='Ubuntu 9.4.0-1ubuntu1~20.04.1' --with-bugurl=file:///usr/share/doc/gcc-9/README.Bugs --enable-languages=c,ada,c++,go,brig,d,fortran,objc,obj-c++,gm2 --prefix=/usr --with-gcc-major-version-only --program-suffix=-9 --program-prefix=x86_64-linux-gnu- --enable-shared --enable-linker-build-id --libexecdir=/usr/lib --without-included-gettext --enable-threads=posix --libdir=/usr/lib --enable-nls --enable-clocale=gnu --enable-libstdcxx-debug --enable-libstdcxx-time=yes --with-default-libstdcxx-abi=new --enable-gnu-unique-object --disable-vtable-verify --enable-plugin --enable-default-pie --with-system-zlib --with-target-system-zlib=auto --enable-objc-gc=auto --enable-multiarch --disable-werror --with-arch-32=i686 --with-abi=m64 --with-multilib-list=m32,m64,mx32 --enable-multilib --with-tune=generic --enable-offload-targets=nvptx-none=/build/gcc-9-Av3uEd/gcc-9-9.4.0/debian/tmp-nvptx/usr,hsa --without-cuda-driver --enable-checking=release --build=x86_64-linux-gnu --host=x86_64-linux-gnu --target=x86_64-linux-gnu
Thread model: posix
gcc version 9.4.0 (Ubuntu 9.4.0-1ubuntu1~20.04.1) 
COLLECT_GCC_OPTIONS='-v' '-o' 'CMakeFiles/cmTC_ab4a8.dir/CMakeCCompilerABI.c.o' '-c' '-mtune=generic' '-march=x86-64'
 /usr/lib/gcc/x86_64-linux-gnu/9/cc1 -quiet -v -imultiarch x86_64-linux-gnu /usr/share/cmake-3.16/Modules/CMakeCCompilerABI.c -quiet -dumpbase CMakeCCompilerABI.c -mtune=generic -march=x86-64 -auxbase-strip CMakeFiles/cmTC_ab4a8.dir/CMakeCCompilerABI.c.o -version -fasynchronous-unwind-tables -fstack-protector-strong -Wformat -Wformat-security -fstack-clash-protection -fcf-protection -o /tmp/cc3qbO6j.s
GNU C17 (Ubuntu 9.4.0-1ubuntu1~20.04.1) version 9.4.0 (x86_64-linux-gnu)
	compiled by GNU C version 9.4.0, GMP version 6.2.0, MPFR version 4.0.2, MPC version 1.1.0, isl version isl-0.22.1-GMP

GGC heuristics: --param ggc-min-expand=100 --param ggc-min-heapsize=131072
ignoring nonexistent directory "/usr/local/include/x86_64-linux-gnu"
ignoring nonexistent directory "/usr/lib/gcc/x86_64-linux-gnu/9/include-fixed"
ignoring nonexistent directory "/usr/lib/gcc/x86_64-linux-gnu/9/../../../../x86_64-linux-gnu/include"
#include "..." search starts here:
#include <...> search starts here:
 /usr/lib/gcc/x86_64-linux-gnu/9/include
 /usr/local/include
 /usr/include/x86_64-linux-gnu
 /usr/include
End of search list.
GNU C17 (Ubuntu 9.4.0-1ubuntu1~20.04.1) version 9.4.0 (x86_64-linux-gnu)
	compiled by GNU C version 9.4.0, GMP version 6.2.0, MPFR version 4.0.2, MPC version 1.1.0, isl version isl-0.22.1-GMP

GGC heuristics: --param ggc-min-expand=100 --param ggc-min-heapsize=131072
Compiler executable checksum: c0c95c0b4209efec1c1892d5ff24030b
COLLECT_GCC_OPTIONS='-v' '-o' 'CMakeFiles/cmTC_ab4a8.dir/CMakeCCompilerABI.c.o' '-c' '-mtune=generic' '-march=x86-64'
 as -v --64 -o CMakeFiles/cmTC_ab4a8.dir/CMakeCCompilerABI.c.o /tmp/cc3qbO6j.s
GNU assembler version 2.34 (x86_64-linux-gnu) using BFD version (GNU Binutils for Ubuntu) 2.34
COMPILER_PATH=/usr/lib/gcc/x86_64-linux-gnu/9/:/usr/lib/gcc/x86_64-linux-gnu/9/:/usr/lib/gcc/x86_64-linux-gnu/:/usr/lib/gcc/x86_64-linux-gnu/9/:/usr/lib/gcc/x86_64-linux-gnu/
LIBRARY_PATH=/usr/lib/gcc/x86_64-linux-gnu/9/:/usr/lib/gcc/x86_64-linux-gnu/9/../../../x86_64-linux-gnu/:/usr/lib/gcc/x86_64-linux-gnu/9/../../../../lib/:/lib/x86_64-linux-gnu/:/lib/../lib/:/usr/lib/x86_64-linux-gnu/:/usr/lib/../lib/:/usr/lib/gcc/x86_64-linux-gnu/9/../../../:/lib/:/usr/lib/
COLLECT_GCC_OPTIONS='-v' '-o' 'CMakeFiles/cmTC_ab4a8.dir/CMakeCCompilerABI.c.o' '-c' '-mtune=generic' '-march=x86-64'
Linking C executable cmTC_ab4a8
/usr/bin/cmake -E cmake_link_script CMakeFiles/cmTC_ab4a8.dir/link.txt --verbose=1
/usr/bin/cc     -v -rdynamic CMakeFiles/cmTC_ab4a8.dir/CMakeCCompilerABI.c.o  -o cmTC_ab4a8 
Using built-in specs.
COLLECT_GCC=/usr/bin/cc
COLLECT_LTO_WRAPPER=/usr/lib/gcc/x86_64-linux-gnu/9/lto-wrapper
OFFLOAD_TARGET_NAMES=nvptx-none:hsa
OFFLOAD_TARGET_DEFAULT=1
Target: x86_64-linux-gnu
Configured with: ../src/configure -v --with-pkgversion='Ubuntu 9.4.0-1ubuntu1~20.04.1' --with-bugurl=file:///usr/share/doc/gcc-9/README.Bugs --enable-languages=c,ada,c++,go,brig,d,fortran,objc,obj-c++,gm2 --prefix=/usr --with-gcc-major-version-only --program-suffix=-9 --program-prefix=x86_64-linux-gnu- --enable-shared --enable-linker-build-id --libexecdir=/usr/lib --without-included-gettext --enable-threads=posix --libdir=/usr/lib --enable-nls --enable-clocale=gnu --enable-libstdcxx-debug --enable-libstdcxx-time=yes --with-default-libstdcxx-abi=new --enable-gnu-unique-object --disable-vtable-verify --enable-plugin --enable-default-pie --with-system-zlib --with-target-system-zlib=auto --enable-objc-gc=auto --enable-multiarch --disable-werror --with-arch-32=i686 --with-abi=m64 --with-multilib-list=m32,m64,mx32 --enable-multilib --with-tune=generic --enable-offload-targets=nvptx-none=/build/gcc-9-Av3uEd/gcc-9-9.4.0/debian/tmp-nvptx/usr,hsa --without-cuda-driver --enable-checking=release --build=x86_64-linux-gnu --host=x86_64-linux-gnu --target=x86_64-linux-gnu
Thread model: posix
gcc version 9.4.0 (Ubuntu 9.4.0-1ubuntu1~20.04.1) 
COMPILER_PATH=/usr/lib/gcc/x86_64-linux-gnu/9/:/usr/lib/gcc/x86_64-linux-gnu/9/:/usr/lib/gcc/x86_64-linux-gnu/:/usr/lib/gcc/x86_64-linux-gnu/9/:/usr/lib/gcc/x86_64-linux-gnu/
LIBRARY_PATH=/usr/lib/gcc/x86_64-linux-gnu/9/:/usr/lib/gcc/x86_64-linux-gnu/9/../../../x86_64-linux-gnu/:/usr/lib/gcc/x86_64-linux-gnu/9/../../../../lib/:/lib/x86_64-linux-gnu/:/lib/../lib/:/usr/lib/x86_64-linux-gnu/:/usr/lib/../lib/:/usr/lib/gcc/x86_64-linux-gnu/9/../../../:/lib/:/usr/lib/
COLLECT_GCC_OPTIONS='-v' '-rdynamic' '-o' 'cmTC_ab4a8' '-mtune=generic' '-march=x86-64'
 /usr/lib/gcc/x86_64-linux-gnu/9/collect2 -plugin /usr/lib/gcc/x86_64-linux-gnu/9/liblto_plugin.so -plugin-opt=/usr/lib/gcc/x86_64-linux-gnu/9/lto-wrapper -plugin-opt=-fresolution=/tmp/ccHUIWFL.res -plugin-opt=-pass-through=-lgcc -plugin-opt=-pass-through=-lgcc_s -plugin-opt=-pass-through=-lc -plugin-opt=-pass-through=-lgcc -plugin-opt=-pass-through=-lgcc_s --build-id --eh-frame-hdr -m elf_x86_64 --hash-style=gnu --as-needed -export-dynamic -dynamic-linker /lib64/ld-linux-x86-64.so.2 -pie -z now -z relro -o cmTC_ab4a8 /usr/lib/gcc/x86_64-linux-gnu/9/../../../x86_64-linux-gnu/Scrt1.o /usr/lib/gcc/x86_64-linux-gnu/9/../../../x86_64-linux-gnu/crti.o /usr/lib/gcc/x86_64-linux-gnu/9/crtbeginS.o -L/usr/lib/gcc/x86_64-linux-gnu/9 -L/usr/lib/gcc/x86_64-linux-gnu/9/../../../x86_64-linux-gnu -L/usr/lib/gcc/x86_64-linux-gnu/9/../../../../lib -L/lib/x86_64-linux-gnu -L/lib/../lib -L/usr/lib/x86_64-linux-gnu -L/usr/lib/../lib -L/usr/lib/gcc/x86_64-linux-gnu/9/../../.. CMakeFiles/cmTC_ab4a8.dir/CMakeCCompilerABI.c.o -lgcc --push-state --as-needed -lgcc_s --pop-state -lc -lgcc --push-state --as-needed -lgcc_s --pop-state /usr/lib/gcc/x86_64-linux-gnu/9/crtendS.o /usr/lib/gcc/x86_64-linux-gnu/9/../../../x86_64-linux-gnu/crtn.o
COLLECT_GCC_OPTIONS='-v' '-rdynamic' '-o' 'cmTC_ab4a8' '-mtune=generic' '-march=x86-64'
make[4]: Leaving directory '/home/svemula/waffle_test/waffleClient/cmakebuild/libevent_ep-prefix/src/libevent_ep-build/CMakeFiles/CMakeTmp'
make[3]: Leaving directory '/home/svemula/waffle_test/waffleClient/cmakebuild/libevent_ep-prefix/src/libevent_ep-build/CMakeFiles/CMakeTmp'



Parsed C implicit include dir info from above output: rv=done
  found start of include info
  found start of implicit include info
    add: [/usr/lib/gcc/x86_64-linux-gnu/9/include]
    add: [/usr/local/include]
    add: [/usr/include/x86_64-linux-gnu]
    add: [/usr/include]
  end of search list found
  collapse include dir [/usr/lib/gcc/x86_64-linux-gnu/9/include] ==> [/usr/lib/gcc/x86_64-linux-gnu/9/include]
  collapse include dir [/usr/local/include] ==> [/usr/local/include]
  collapse include dir [/usr/include/x86_64-linux-gnu] ==> [/usr/include/x86_64-linux-gnu]
  collapse include dir [/usr/include] ==> [/usr/include]
  implicit include dirs: [/usr/lib/gcc/x86_64-linux-gnu/9/include;/usr/local/include;/usr/include/x86_64-linux-gnu;/usr/include]


Parsed C implicit link information from above output:
  link line regex: [^( *|.*[/\])(ld|CMAKE_LINK_STARTFILE-NOTFOUND|([^/\]+-)?ld|collect2)[^/\]*( |$)]
  ignore line: [Change Dir: /home/svemula/waffle_test/waffleClient/cmakebuild/libevent_ep-prefix/src/libevent_ep-build/CMakeFiles/CMakeTmp]
  ignore line: []
  ignore line: [Run Build Command(s):/usr/bin/make cmTC_ab4a8/fast && make[3]: Entering directory '/home/svemula/waffle_test/waffleClient/cmakebuild/libevent_ep-prefix/src/libevent_ep-build/CMakeFiles/CMakeTmp']
  ignore line: [/usr/bin/make -f CMakeFiles/cmTC_ab4a8.dir/build.make CMakeFiles/cmTC_ab4a8.dir/build]
  ignore line: [make[4]: Entering directory '/home/svemula/waffle_test/waffleClient/cmakebuild/libevent_ep-prefix/src/libevent_ep-build/CMakeFiles/CMakeTmp']
  ignore line: [Building C object CMakeFiles/cmTC_ab4a8.dir/CMakeCCompilerABI.c.o]
  ignore line: [/usr/bin/cc   -v -o CMakeFiles/cmTC_ab4a8.dir/CMakeCCompilerABI.c.o   -c /usr/share/cmake-3.16/Modules/CMakeCCompilerABI.c]
  ignore line: [Using built-in specs.]
  ignore line: [COLLECT_GCC=/usr/bin/cc]
  ignore line: [OFFLOAD_TARGET_NAMES=nvptx-none:hsa]
  ignore line: [OFFLOAD_TARGET_DEFAULT=1]
  ignore line: [Target: x86_64-linux-gnu]
  ignore line: [Configured with: ../src/configure -v --with-pkgversion='Ubuntu 9.4.0-1ubuntu1~20.04.1' --with-bugurl=file:///usr/share/doc/gcc-9/README.Bugs --enable-languages=c ada c++ go brig d fortran objc obj-c++ gm2 --prefix=/usr --with-gcc-major-version-only --program-suffix=-9 --program-prefix=x86_64-linux-gnu- --enable-shared --enable-linker-build-id --libexecdir=/usr/lib --without-included-gettext --enable-threads=posix --libdir=/usr/lib --enable-nls --enable-clocale=gnu --enable-libstdcxx-debug --enable-libstdcxx-time=yes --with-default-libstdcxx-abi=new --enable-gnu-unique-object --disable-vtable-verify --enable-plugin --enable-default-pie --with-system-zlib --with-target-system-zlib=auto --enable-objc-gc=auto --enable-multiarch --disable-werror --with-arch-32=i686 --with-abi=m64 --with-multilib-list=m32 m64 mx32 --enable-multilib --with-tune=generic --enable-offload-targets=nvptx-none=/build/gcc-9-Av3uEd/gcc-9-9.4.0/debian/tmp-nvptx/usr hsa --without-cuda-driver --enable-checking=release --build=x86_64-linux-gnu --host=x86_64-linux-gnu --target=x86_64-linux-gnu]
  ignore line: [Thread model: posix]
  ignore line: [gcc version 9.4.0 (Ubuntu 9.4.0-1ubuntu1~20.04.1) ]
  ignore line: [COLLECT_GCC_OPTIONS='-v' '-o' 'CMakeFiles/cmTC_ab4a8.dir/CMakeCCompilerABI.c.o' '-c' '-mtune=generic' '-march=x86-64']
  ignore line: [ /usr/lib/gcc/x86_64-linux-gnu/9/cc1 -quiet -v -imultiarch x86_64-linux-gnu /usr/share/cmake-3.16/Modules/CMakeCCompilerABI.c -quiet -dumpbase CMakeCCompilerABI.c -mtune=generic -march=x86-64 -auxbase-strip CMakeFiles/cmTC_ab4a8.dir/CMakeCCompilerABI.c.o -version -fasynchronous-unwind-tables -fstack-protector-strong -Wformat -Wformat-security -fstack-clash-protection -fcf-protection -o /tmp/cc3qbO6j.s]
  ignore line: [GNU C17 (Ubuntu 9.4.0-1ubuntu1~20.04.1) version 9.4.0 (x86_64-linux-gnu)]
  ignore line: [	compiled by GNU C version 9.4.0  GMP version 6.2.0  MPFR version 4.0.2  MPC version 1.1.0  isl version isl-0.22.1-GMP]
  ignore line: []
  ignore line: [GGC heuristics: --param ggc-min-expand=100 --param ggc-min-heapsize=131072]
  ignore line: [ignoring nonexistent directory "/usr/local/include/x86_64-linux-gnu"]
  ignore line: [ignoring nonexistent directory "/usr/lib/gcc/x86_64-linux-gnu/9/include-fixed"]
  ignore line: [ignoring nonexistent directory "/usr/lib/gcc/x86_64-linux-gnu/9/../../../../x86_64-linux-gnu/include"]
  ignore line: [#include "..." search starts here:]
  ignore line: [#include <...> search starts here:]
  ignore line: [ /usr/lib/gcc/x86_64-linux-gnu/9/include]
  ignore line: [ /usr/local/include]
  ignore line: [ /usr/include/x86_64-linux-gnu]
  ignore line: [ /usr/include]
  ignore line: [End of search list.]
  ignore line: [GNU C17 (Ubuntu 9.4.0-1ubuntu1~20.04.1) version 9.4.0 (x86_64-linux-gnu)]
  ignore line: [	compiled by GNU C version 9.4.0  GMP version 6.2.0  MPFR version 4.0.2  MPC version 1.1.0  isl version isl-0.22.1-GMP]
  ignore line: []
  ignore line: [GGC heuristics: --param ggc-min-expand=100 --param ggc-min-heapsize=131072]
  ignore line: [Compiler executable checksum: c0c95c0b4209efec1c1892d5ff24030b]
  ignore line: [COLLECT_GCC_OPTIONS='-v' '-o' 'CMakeFiles/cmTC_ab4a8.dir/CMakeCCompilerABI.c.o' '-c' '-mtune=generic' '-march=x86-64']
  ignore line: [ as -v --64 -o CMakeFiles/cmTC_ab4a8.dir/CMakeCCompilerABI.c.o /tmp/cc3qbO6j.s]
  ignore line: [GNU assembler version 2.34 (x86_64-linux-gnu) using BFD version (GNU Binutils for Ubuntu) 2.34]
  ignore line: [COMPILER_PATH=/usr/lib/gcc/x86_64-linux-gnu/9/:/usr/lib/gcc/x86_64-linux-gnu/9/:/usr/lib/gcc/x86_64-linux-gnu/:/usr/lib/gcc/x86_64-linux-gnu/9/:/usr/lib/gcc/x86_64-linux-gnu/]
  ignore line: [LIBRARY_PATH=/usr/lib/gcc/x86_64-linux-gnu/9/:/usr/lib/gcc/x86_64-linux-gnu/9/../../../x86_64-linux-gnu/:/usr/lib/gcc/x86_64-linux-gnu/9/../../../../lib/:/lib/x86_64-linux-gnu/:/lib/../lib/:/usr/lib/x86_64-linux-gnu/:/usr/lib/../lib/:/usr/lib/gcc/x86_64-linux-gnu/9/../../../:/lib/:/usr/lib/]
  ignore line: [COLLECT_GCC_OPTIONS='-v' '-o' 'CMakeFiles/cmTC_ab4a8.dir/CMakeCCompilerABI.c.o' '-c' '-mtune=generic' '-march=x86-64']
  ignore line: [Linking C executable cmTC_ab4a8]
  ignore line: [/usr/bin/cmake -E cmake_link_script CMakeFiles/cmTC_ab4a8.dir/link.txt --verbose=1]
  ignore line: [/usr/bin/cc     -v -rdynamic CMakeFiles/cmTC_ab4a8.dir/CMakeCCompilerABI.c.o  -o cmTC_ab4a8 ]
  ignore line: [Using built-in specs.]
  ignore line: [COLLECT_GCC=/usr/bin/cc]
  ignore line: [COLLECT_LTO_WRAPPER=/usr/lib/gcc/x86_64-linux-gnu/9/lto-wrapper]
  ignore line: [OFFLOAD_TARGET_NAMES=nvptx-none:hsa]
  ignore line: [OFFLOAD_TARGET_DEFAULT=1]
  ignore line: [Target: x86_64-linux-gnu]
  ignore line: [Configured with: ../src/configure -v --with-pkgversion='Ubuntu 9.4.0-1ubuntu1~20.04.1' --with-bugurl=file:///usr/share/doc/gcc-9/README.Bugs --enable-languages=c ada c++ go brig d fortran objc obj-c++ gm2 --prefix=/usr --with-gcc-major-version-only --program-suffix=-9 --program-prefix=x86_64-linux-gnu- --enable-shared --enable-linker-build-id --libexecdir=/usr/lib --without-included-gettext --enable-threads=posix --libdir=/usr/lib --enable-nls --enable-clocale=gnu --enable-libstdcxx-debug --enable-libstdcxx-time=yes --with-default-libstdcxx-abi=new --enable-gnu-unique-object --disable-vtable-verify --enable-plugin --enable-default-pie --with-system-zlib --with-target-system-zlib=auto --enable-objc-gc=auto --enable-multiarch --disable-werror --with-arch-32=i686 --with-abi=m64 --with-multilib-list=m32 m64 mx32 --enable-multilib --with-tune=generic --enable-offload-targets=nvptx-none=/build/gcc-9-Av3uEd/gcc-9-9.4.0/debian/tmp-nvptx/usr hsa --without-cuda-driver --enable-checking=release --build=x86_64-linux-gnu --host=x86_64-linux-gnu --target=x86_64-linux-gnu]
  ignore line: [Thread model: posix]
  ignore line: [gcc version 9.4.0 (Ubuntu 9.4.0-1ubuntu1~20.04.1) ]
  ignore line: [COMPILER_PATH=/usr/lib/gcc/x86_64-linux-gnu/9/:/usr/lib/gcc/x86_64-linux-gnu/9/:/usr/lib/gcc/x86_64-linux-gnu/:/usr/lib/gcc/x86_64-linux-gnu/9/:/usr/lib/gcc/x86_64-linux-gnu/]
  ignore line: [LIBRARY_PATH=/usr/lib/gcc/x86_64-linux-gnu/9/:/usr/lib/gcc/x86_64-linux-gnu/9/../../../x86_64-linux-gnu/:/usr/lib/gcc/x86_64-linux-gnu/9/../../../../lib/:/lib/x86_64-linux-gnu/:/lib/../lib/:/usr/lib/x86_64-linux-gnu/:/usr/lib/../lib/:/usr/lib/gcc/x86_64-linux-gnu/9/../../../:/lib/:/usr/lib/]
  ignore line: [COLLECT_GCC_OPTIONS='-v' '-rdynamic' '-o' 'cmTC_ab4a8' '-mtune=generic' '-march=x86-64']
  link line: [ /usr/lib/gcc/x86_64-linux-gnu/9/collect2 -plugin /usr/lib/gcc/x86_64-linux-gnu/9/liblto_plugin.so -plugin-opt=/usr/lib/gcc/x86_64-linux-gnu/9/lto-wrapper -plugin-opt=-fresolution=/tmp/ccHUIWFL.res -plugin-opt=-pass-through=-lgcc -plugin-opt=-pass-through=-lgcc_s -plugin-opt=-pass-through=-lc -plugin-opt=-pass-through=-lgcc -plugin-opt=-pass-through=-lgcc_s --build-id --eh-frame-hdr -m elf_x86_64 --hash-style=gnu --as-needed -export-dynamic -dynamic-linker /lib64/ld-linux-x86-64.so.2 -pie -z now -z relro -o cmTC_ab4a8 /usr/lib/gcc/x86_64-linux-gnu/9/../../../x86_64-linux-gnu/Scrt1.o /usr/lib/gcc/x86_64-linux-gnu/9/../../../x86_64-linux-gnu/crti.o /usr/lib/gcc/x86_64-linux-gnu/9/crtbeginS.o -L/usr/lib/gcc/x86_64-linux-gnu/9 -L/usr/lib/gcc/x86_64-linux-gnu/9/../../../x86_64-linux-gnu -L/usr/lib/gcc/x86_64-linux-gnu/9/../../../../lib -L/lib/x86_64-linux-gnu -L/lib/../lib -L/usr/lib/x86_64-linux-gnu -L/usr/lib/../lib -L/usr/lib/gcc/x86_64-linux-gnu/9/../../.. CMakeFiles/cmTC_ab4a8.dir/CMakeCCompilerABI.c.o -lgcc --push-state --as-needed -lgcc_s --pop-state -lc -lgcc --push-state --as-needed -lgcc_s --pop-state /usr/lib/gcc/x86_64-linux-gnu/9/crtendS.o /usr/lib/gcc/x86_64-linux-gnu/9/../../../x86_64-linux-gnu/crtn.o]
    arg [/usr/lib/gcc/x86_64-linux-gnu/9/collect2] ==> ignore
    arg [-plugin] ==> ignore
    arg [/usr/lib/gcc/x86_64-linux-gnu/9/liblto_plugin.so] ==> ignore
    arg [-plugin-opt=/usr/lib/gcc/x86_64-linux-gnu/9/lto-wrapper] ==> ignore
    arg [-plugin-opt=-fresolution=/tmp/ccHUIWFL.res] ==> ignore
    arg [-plugin-opt=-pass-through=-lgcc] ==> ignore
    arg [-plugin-opt=-pass-through=-lgcc_s] ==> ignore
    arg [-plugin-opt=-pass-through=-lc] ==> ignore
    arg [-plugin-opt=-pass-through=-lgcc] ==> ignore
    arg [-plugin-opt=-pass-through=-lgcc_s] ==> ignore
    arg [--build-id] ==> ignore
    arg [--eh-frame-hdr] ==> ignore
    arg [-m] ==> ignore
    arg [elf_x86_64] ==> ignore
    arg [--hash-style=gnu] ==> ignore
    arg [--as-needed] ==> ignore
    arg [-export-dynamic] ==> ignore
    arg [-dynamic-linker] ==> ignore
    arg [/lib64/ld-linux-x86-64.so.2] ==> ignore
    arg [-pie] ==> ignore
    arg [-znow] ==> ignore
    arg [-zrelro] ==> ignore
    arg [-o] ==> ignore
    arg [cmTC_ab4a8] ==> ignore
    arg [/usr/lib/gcc/x86_64-linux-gnu/9/../../../x86_64-linux-gnu/Scrt1.o] ==> ignore
    arg [/usr/lib/gcc/x86_64-linux-gnu/9/../../../x86_64-linux-gnu/crti.o] ==> ignore
    arg [/usr/lib/gcc/x86_64-linux-gnu/9/crtbeginS.o] ==> ignore
    arg [-L/usr/lib/gcc/x86_64-linux-gnu/9] ==> dir [/usr/lib/gcc/x86_64-linux-gnu/9]
    arg [-L/usr/lib/gcc/x86_64-linux-gnu/9/../../../x86_64-linux-gnu] ==> dir [/usr/lib/gcc/x86_64-linux-gnu/9/../../../x86_64-linux-gnu]
    arg [-L/usr/lib/gcc/x86_64-linux-gnu/9/../../../../lib] ==> dir [/usr/lib/gcc/x86_64-linux-gnu/9/../../../../lib]
    arg [-L/lib/x86_64-linux-gnu] ==> dir [/lib/x86_64-linux-gnu]
    arg [-L/lib/../lib] ==> dir [/lib/../lib]
    arg [-L/usr/lib/x86_64-linux-gnu] ==> dir [/usr/lib/x86_64-linux-gnu]
    arg [-L/usr/lib/../lib] ==> dir [/usr/lib/../lib]
    arg [-L/usr/lib/gcc/x86_64-linux-gnu/9/../../..] ==> dir [/usr/lib/gcc/x86_64-linux-gnu/9/../../..]
    arg [CMakeFiles/cmTC_ab4a8.dir/CMakeCCompilerABI.c.o] ==> ignore
    arg [-lgcc] ==> lib [gcc]
    arg [--push-state] ==> ignore
    arg [--as-needed] ==> ignore
    arg [-lgcc_s] ==> lib [gcc_s]
    arg [--pop-state] ==> ignore
    arg [-lc] ==> lib [c]
    arg [-lgcc] ==> lib [gcc]
    arg [--push-state] ==> ignore
    arg [--as-needed] ==> ignore
    arg [-lgcc_s] ==> lib [gcc_s]
    arg [--pop-state] ==> ignore
    arg [/usr/lib/gcc/x86_64-linux-gnu/9/crtendS.o] ==> ignore
    arg [/usr/lib/gcc/x86_64-linux-gnu/9/../../../x86_64-linux-gnu/crtn.o] ==> ignore
  collapse library dir [/usr/lib/gcc/x86_64-linux-gnu/9] ==> [/usr/lib/gcc/x86_64-linux-gnu/9]
  collapse library dir [/usr/lib/gcc/x86_64-linux-gnu/9/../../../x86_64-linux-gnu] ==> [/usr/lib/x86_64-linux-gnu]
  collapse library dir [/usr/lib/gcc/x86_64-linux-gnu/9/../../../../lib] ==> [/usr/lib]
  collapse library dir [/lib/x86_64-linux-gnu] ==> [/lib/x86_64-linux-gnu]
  collapse library dir [/lib/../lib] ==> [/lib]
  collapse library dir [/usr/lib/x86_64-linux-gnu] ==> [/usr/lib/x86_64-linux-gnu]
  collapse library dir [/usr/lib/../lib] ==> [/usr/lib]
  collapse library dir [/usr/lib/gcc/x86_64-linux-gnu/9/../../..] ==> [/usr/lib]
  implicit libs: [gcc;gcc_s;c;gcc;gcc_s]
  implicit dirs: [/usr/lib/gcc/x86_64-linux-gnu/9;/usr/lib/x86_64-linux-gnu;/usr/lib;/lib/x86_64-linux-gnu;/lib]
  implicit fwks: []


Determining if the include file pthread.h exists passed with the following output:
Change Dir: /home/svemula/waffle_test/waffleClient/cmakebuild/libevent_ep-prefix/src/libevent_ep-build/CMakeFiles/CMakeTmp

Run Build Command(s):/usr/bin/make cmTC_de485/fast && make[3]: Entering directory '/home/svemula/waffle_test/waffleClient/cmakebuild/libevent_ep-prefix/src/libevent_ep-build/CMakeFiles/CMakeTmp'
/usr/bin/make -f CMakeFiles/cmTC_de485.dir/build.make CMakeFiles/cmTC_de485.dir/build
make[4]: Entering directory '/home/svemula/waffle_test/waffleClient/cmakebuild/libevent_ep-prefix/src/libevent_ep-build/CMakeFiles/CMakeTmp'
Building C object CMakeFiles/cmTC_de485.dir/CheckIncludeFile.c.o
/usr/bin/cc   -Wall -Wswitch -fno-strict-aliasing    -o CMakeFiles/cmTC_de485.dir/CheckIncludeFile.c.o   -c /home/svemula/waffle_test/waffleClient/cmakebuild/libevent_ep-prefix/src/libevent_ep-build/CMakeFiles/CMakeTmp/CheckIncludeFile.c
Linking C executable cmTC_de485
/usr/bin/cmake -E cmake_link_script CMakeFiles/cmTC_de485.dir/link.txt --verbose=1
/usr/bin/cc  -Wall -Wswitch -fno-strict-aliasing     -rdynamic CMakeFiles/cmTC_de485.dir/CheckIncludeFile.c.o  -o cmTC_de485 
make[4]: Leaving directory '/home/svemula/waffle_test/waffleClient/cmakebuild/libevent_ep-prefix/src/libevent_ep-build/CMakeFiles/CMakeTmp'
make[3]: Leaving directory '/home/svemula/waffle_test/waffleClient/cmakebuild/libevent_ep-prefix/src/libevent_ep-build/CMakeFiles/CMakeTmp'



