Determining if the function kqueue exists failed with the following output:
Change Dir: /home/svemula/Waffle/waffle_test/waffleClient/cmakebuild/libevent_ep-prefix/src/libevent_ep-build/CMakeFiles/CMakeTmp

Run Build Command(s):/usr/local/bin/cmake -E env VERBOSE=1 /usr/bin/make -f Makefile cmTC_5ccb6/fast && make[3]: Entering directory '/home/svemula/Waffle/waffle_test/waffleClient/cmakebuild/libevent_ep-prefix/src/libevent_ep-build/CMakeFiles/CMakeTmp'
/usr/bin/make  -f CMakeFiles/cmTC_5ccb6.dir/build.make CMakeFiles/cmTC_5ccb6.dir/build
make[4]: Entering directory '/home/svemula/Waffle/waffle_test/waffleClient/cmakebuild/libevent_ep-prefix/src/libevent_ep-build/CMakeFiles/CMakeTmp'
Building C object CMakeFiles/cmTC_5ccb6.dir/CheckFunctionExistsEx.c.o
/usr/bin/cc   -Wall -Wswitch -fno-strict-aliasing -DCHECK_FUNCTION_EXISTS=kqueue -o CMakeFiles/cmTC_5ccb6.dir/CheckFunctionExistsEx.c.o -c /home/svemula/Waffle/waffle_test/waffleClient/cmakebuild/libevent_ep-prefix/src/libevent_ep/cmake/CheckFunctionExistsEx.c
Linking C executable cmTC_5ccb6
/usr/local/bin/cmake -E cmake_link_script CMakeFiles/cmTC_5ccb6.dir/link.txt --verbose=1
/usr/bin/cc  -Wall -Wswitch -fno-strict-aliasing -DCHECK_FUNCTION_EXISTS=kqueue -rdynamic CMakeFiles/cmTC_5ccb6.dir/CheckFunctionExistsEx.c.o -o cmTC_5ccb6 
/usr/bin/ld: CMakeFiles/cmTC_5ccb6.dir/CheckFunctionExistsEx.c.o: in function `main':
CheckFunctionExistsEx.c:(.text+0x19): undefined reference to `kqueue'
collect2: error: ld returned 1 exit status
make[4]: *** [CMakeFiles/cmTC_5ccb6.dir/build.make:99: cmTC_5ccb6] Error 1
make[4]: Leaving directory '/home/svemula/Waffle/waffle_test/waffleClient/cmakebuild/libevent_ep-prefix/src/libevent_ep-build/CMakeFiles/CMakeTmp'
make[3]: *** [Makefile:127: cmTC_5ccb6/fast] Error 2
make[3]: Leaving directory '/home/svemula/Waffle/waffle_test/waffleClient/cmakebuild/libevent_ep-prefix/src/libevent_ep-build/CMakeFiles/CMakeTmp'



Determining if the function port_create exists failed with the following output:
Change Dir: /home/svemula/Waffle/waffle_test/waffleClient/cmakebuild/libevent_ep-prefix/src/libevent_ep-build/CMakeFiles/CMakeTmp

Run Build Command(s):/usr/local/bin/cmake -E env VERBOSE=1 /usr/bin/make -f Makefile cmTC_4008d/fast && make[3]: Entering directory '/home/svemula/Waffle/waffle_test/waffleClient/cmakebuild/libevent_ep-prefix/src/libevent_ep-build/CMakeFiles/CMakeTmp'
/usr/bin/make  -f CMakeFiles/cmTC_4008d.dir/build.make CMakeFiles/cmTC_4008d.dir/build
make[4]: Entering directory '/home/svemula/Waffle/waffle_test/waffleClient/cmakebuild/libevent_ep-prefix/src/libevent_ep-build/CMakeFiles/CMakeTmp'
Building C object CMakeFiles/cmTC_4008d.dir/CheckFunctionExistsEx.c.o
/usr/bin/cc   -Wall -Wswitch -fno-strict-aliasing -DCHECK_FUNCTION_EXISTS=port_create -o CMakeFiles/cmTC_4008d.dir/CheckFunctionExistsEx.c.o -c /home/svemula/Waffle/waffle_test/waffleClient/cmakebuild/libevent_ep-prefix/src/libevent_ep/cmake/CheckFunctionExistsEx.c
Linking C executable cmTC_4008d
/usr/local/bin/cmake -E cmake_link_script CMakeFiles/cmTC_4008d.dir/link.txt --verbose=1
/usr/bin/cc  -Wall -Wswitch -fno-strict-aliasing -DCHECK_FUNCTION_EXISTS=port_create -rdynamic CMakeFiles/cmTC_4008d.dir/CheckFunctionExistsEx.c.o -o cmTC_4008d 
/usr/bin/ld: CMakeFiles/cmTC_4008d.dir/CheckFunctionExistsEx.c.o: in function `main':
CheckFunctionExistsEx.c:(.text+0x19): undefined reference to `port_create'
collect2: error: ld returned 1 exit status
make[4]: *** [CMakeFiles/cmTC_4008d.dir/build.make:99: cmTC_4008d] Error 1
make[4]: Leaving directory '/home/svemula/Waffle/waffle_test/waffleClient/cmakebuild/libevent_ep-prefix/src/libevent_ep-build/CMakeFiles/CMakeTmp'
make[3]: *** [Makefile:127: cmTC_4008d/fast] Error 2
make[3]: Leaving directory '/home/svemula/Waffle/waffle_test/waffleClient/cmakebuild/libevent_ep-prefix/src/libevent_ep-build/CMakeFiles/CMakeTmp'



Determining if the function strlcpy exists failed with the following output:
Change Dir: /home/svemula/Waffle/waffle_test/waffleClient/cmakebuild/libevent_ep-prefix/src/libevent_ep-build/CMakeFiles/CMakeTmp

Run Build Command(s):/usr/local/bin/cmake -E env VERBOSE=1 /usr/bin/make -f Makefile cmTC_94824/fast && make[3]: Entering directory '/home/svemula/Waffle/waffle_test/waffleClient/cmakebuild/libevent_ep-prefix/src/libevent_ep-build/CMakeFiles/CMakeTmp'
/usr/bin/make  -f CMakeFiles/cmTC_94824.dir/build.make CMakeFiles/cmTC_94824.dir/build
make[4]: Entering directory '/home/svemula/Waffle/waffle_test/waffleClient/cmakebuild/libevent_ep-prefix/src/libevent_ep-build/CMakeFiles/CMakeTmp'
Building C object CMakeFiles/cmTC_94824.dir/CheckFunctionExistsEx.c.o
/usr/bin/cc   -Wall -Wswitch -fno-strict-aliasing -DCHECK_FUNCTION_EXISTS=strlcpy -o CMakeFiles/cmTC_94824.dir/CheckFunctionExistsEx.c.o -c /home/svemula/Waffle/waffle_test/waffleClient/cmakebuild/libevent_ep-prefix/src/libevent_ep/cmake/CheckFunctionExistsEx.c
Linking C executable cmTC_94824
/usr/local/bin/cmake -E cmake_link_script CMakeFiles/cmTC_94824.dir/link.txt --verbose=1
/usr/bin/cc  -Wall -Wswitch -fno-strict-aliasing -DCHECK_FUNCTION_EXISTS=strlcpy -rdynamic CMakeFiles/cmTC_94824.dir/CheckFunctionExistsEx.c.o -o cmTC_94824 
/usr/bin/ld: CMakeFiles/cmTC_94824.dir/CheckFunctionExistsEx.c.o: in function `main':
CheckFunctionExistsEx.c:(.text+0x19): undefined reference to `strlcpy'
collect2: error: ld returned 1 exit status
make[4]: *** [CMakeFiles/cmTC_94824.dir/build.make:99: cmTC_94824] Error 1
make[4]: Leaving directory '/home/svemula/Waffle/waffle_test/waffleClient/cmakebuild/libevent_ep-prefix/src/libevent_ep-build/CMakeFiles/CMakeTmp'
make[3]: *** [Makefile:127: cmTC_94824/fast] Error 2
make[3]: Leaving directory '/home/svemula/Waffle/waffle_test/waffleClient/cmakebuild/libevent_ep-prefix/src/libevent_ep-build/CMakeFiles/CMakeTmp'



Determining if the function arc4random exists failed with the following output:
Change Dir: /home/svemula/Waffle/waffle_test/waffleClient/cmakebuild/libevent_ep-prefix/src/libevent_ep-build/CMakeFiles/CMakeTmp

Run Build Command(s):/usr/local/bin/cmake -E env VERBOSE=1 /usr/bin/make -f Makefile cmTC_91b9f/fast && make[3]: Entering directory '/home/svemula/Waffle/waffle_test/waffleClient/cmakebuild/libevent_ep-prefix/src/libevent_ep-build/CMakeFiles/CMakeTmp'
/usr/bin/make  -f CMakeFiles/cmTC_91b9f.dir/build.make CMakeFiles/cmTC_91b9f.dir/build
make[4]: Entering directory '/home/svemula/Waffle/waffle_test/waffleClient/cmakebuild/libevent_ep-prefix/src/libevent_ep-build/CMakeFiles/CMakeTmp'
Building C object CMakeFiles/cmTC_91b9f.dir/CheckFunctionExistsEx.c.o
/usr/bin/cc   -Wall -Wswitch -fno-strict-aliasing -DCHECK_FUNCTION_EXISTS=arc4random -o CMakeFiles/cmTC_91b9f.dir/CheckFunctionExistsEx.c.o -c /home/svemula/Waffle/waffle_test/waffleClient/cmakebuild/libevent_ep-prefix/src/libevent_ep/cmake/CheckFunctionExistsEx.c
Linking C executable cmTC_91b9f
/usr/local/bin/cmake -E cmake_link_script CMakeFiles/cmTC_91b9f.dir/link.txt --verbose=1
/usr/bin/cc  -Wall -Wswitch -fno-strict-aliasing -DCHECK_FUNCTION_EXISTS=arc4random -rdynamic CMakeFiles/cmTC_91b9f.dir/CheckFunctionExistsEx.c.o -o cmTC_91b9f 
/usr/bin/ld: CMakeFiles/cmTC_91b9f.dir/CheckFunctionExistsEx.c.o: in function `main':
CheckFunctionExistsEx.c:(.text+0x19): undefined reference to `arc4random'
collect2: error: ld returned 1 exit status
make[4]: *** [CMakeFiles/cmTC_91b9f.dir/build.make:99: cmTC_91b9f] Error 1
make[4]: Leaving directory '/home/svemula/Waffle/waffle_test/waffleClient/cmakebuild/libevent_ep-prefix/src/libevent_ep-build/CMakeFiles/CMakeTmp'
make[3]: *** [Makefile:127: cmTC_91b9f/fast] Error 2
make[3]: Leaving directory '/home/svemula/Waffle/waffle_test/waffleClient/cmakebuild/libevent_ep-prefix/src/libevent_ep-build/CMakeFiles/CMakeTmp'



Determining if the function arc4random_buf exists failed with the following output:
Change Dir: /home/svemula/Waffle/waffle_test/waffleClient/cmakebuild/libevent_ep-prefix/src/libevent_ep-build/CMakeFiles/CMakeTmp

Run Build Command(s):/usr/local/bin/cmake -E env VERBOSE=1 /usr/bin/make -f Makefile cmTC_718ea/fast && make[3]: Entering directory '/home/svemula/Waffle/waffle_test/waffleClient/cmakebuild/libevent_ep-prefix/src/libevent_ep-build/CMakeFiles/CMakeTmp'
/usr/bin/make  -f CMakeFiles/cmTC_718ea.dir/build.make CMakeFiles/cmTC_718ea.dir/build
make[4]: Entering directory '/home/svemula/Waffle/waffle_test/waffleClient/cmakebuild/libevent_ep-prefix/src/libevent_ep-build/CMakeFiles/CMakeTmp'
Building C object CMakeFiles/cmTC_718ea.dir/CheckFunctionExistsEx.c.o
/usr/bin/cc   -Wall -Wswitch -fno-strict-aliasing -DCHECK_FUNCTION_EXISTS=arc4random_buf -o CMakeFiles/cmTC_718ea.dir/CheckFunctionExistsEx.c.o -c /home/svemula/Waffle/waffle_test/waffleClient/cmakebuild/libevent_ep-prefix/src/libevent_ep/cmake/CheckFunctionExistsEx.c
Linking C executable cmTC_718ea
/usr/local/bin/cmake -E cmake_link_script CMakeFiles/cmTC_718ea.dir/link.txt --verbose=1
/usr/bin/cc  -Wall -Wswitch -fno-strict-aliasing -DCHECK_FUNCTION_EXISTS=arc4random_buf -rdynamic CMakeFiles/cmTC_718ea.dir/CheckFunctionExistsEx.c.o -o cmTC_718ea 
/usr/bin/ld: CMakeFiles/cmTC_718ea.dir/CheckFunctionExistsEx.c.o: in function `main':
CheckFunctionExistsEx.c:(.text+0x19): undefined reference to `arc4random_buf'
collect2: error: ld returned 1 exit status
make[4]: *** [CMakeFiles/cmTC_718ea.dir/build.make:99: cmTC_718ea] Error 1
make[4]: Leaving directory '/home/svemula/Waffle/waffle_test/waffleClient/cmakebuild/libevent_ep-prefix/src/libevent_ep-build/CMakeFiles/CMakeTmp'
make[3]: *** [Makefile:127: cmTC_718ea/fast] Error 2
make[3]: Leaving directory '/home/svemula/Waffle/waffle_test/waffleClient/cmakebuild/libevent_ep-prefix/src/libevent_ep-build/CMakeFiles/CMakeTmp'



Determining if the function issetugid exists failed with the following output:
Change Dir: /home/svemula/Waffle/waffle_test/waffleClient/cmakebuild/libevent_ep-prefix/src/libevent_ep-build/CMakeFiles/CMakeTmp

Run Build Command(s):/usr/local/bin/cmake -E env VERBOSE=1 /usr/bin/make -f Makefile cmTC_0963c/fast && make[3]: Entering directory '/home/svemula/Waffle/waffle_test/waffleClient/cmakebuild/libevent_ep-prefix/src/libevent_ep-build/CMakeFiles/CMakeTmp'
/usr/bin/make  -f CMakeFiles/cmTC_0963c.dir/build.make CMakeFiles/cmTC_0963c.dir/build
make[4]: Entering directory '/home/svemula/Waffle/waffle_test/waffleClient/cmakebuild/libevent_ep-prefix/src/libevent_ep-build/CMakeFiles/CMakeTmp'
Building C object CMakeFiles/cmTC_0963c.dir/CheckFunctionExistsEx.c.o
/usr/bin/cc   -Wall -Wswitch -fno-strict-aliasing -DCHECK_FUNCTION_EXISTS=issetugid -o CMakeFiles/cmTC_0963c.dir/CheckFunctionExistsEx.c.o -c /home/svemula/Waffle/waffle_test/waffleClient/cmakebuild/libevent_ep-prefix/src/libevent_ep/cmake/CheckFunctionExistsEx.c
Linking C executable cmTC_0963c
/usr/local/bin/cmake -E cmake_link_script CMakeFiles/cmTC_0963c.dir/link.txt --verbose=1
/usr/bin/cc  -Wall -Wswitch -fno-strict-aliasing -DCHECK_FUNCTION_EXISTS=issetugid -rdynamic CMakeFiles/cmTC_0963c.dir/CheckFunctionExistsEx.c.o -o cmTC_0963c 
/usr/bin/ld: CMakeFiles/cmTC_0963c.dir/CheckFunctionExistsEx.c.o: in function `main':
CheckFunctionExistsEx.c:(.text+0x19): undefined reference to `issetugid'
collect2: error: ld returned 1 exit status
make[4]: *** [CMakeFiles/cmTC_0963c.dir/build.make:99: cmTC_0963c] Error 1
make[4]: Leaving directory '/home/svemula/Waffle/waffle_test/waffleClient/cmakebuild/libevent_ep-prefix/src/libevent_ep-build/CMakeFiles/CMakeTmp'
make[3]: *** [Makefile:127: cmTC_0963c/fast] Error 2
make[3]: Leaving directory '/home/svemula/Waffle/waffle_test/waffleClient/cmakebuild/libevent_ep-prefix/src/libevent_ep-build/CMakeFiles/CMakeTmp'



Determining if the function mach_absolute_time exists failed with the following output:
Change Dir: /home/svemula/Waffle/waffle_test/waffleClient/cmakebuild/libevent_ep-prefix/src/libevent_ep-build/CMakeFiles/CMakeTmp

Run Build Command(s):/usr/local/bin/cmake -E env VERBOSE=1 /usr/bin/make -f Makefile cmTC_5257e/fast && make[3]: Entering directory '/home/svemula/Waffle/waffle_test/waffleClient/cmakebuild/libevent_ep-prefix/src/libevent_ep-build/CMakeFiles/CMakeTmp'
/usr/bin/make  -f CMakeFiles/cmTC_5257e.dir/build.make CMakeFiles/cmTC_5257e.dir/build
make[4]: Entering directory '/home/svemula/Waffle/waffle_test/waffleClient/cmakebuild/libevent_ep-prefix/src/libevent_ep-build/CMakeFiles/CMakeTmp'
Building C object CMakeFiles/cmTC_5257e.dir/CheckFunctionExistsEx.c.o
/usr/bin/cc   -Wall -Wswitch -fno-strict-aliasing -DCHECK_FUNCTION_EXISTS=mach_absolute_time -o CMakeFiles/cmTC_5257e.dir/CheckFunctionExistsEx.c.o -c /home/svemula/Waffle/waffle_test/waffleClient/cmakebuild/libevent_ep-prefix/src/libevent_ep/cmake/CheckFunctionExistsEx.c
Linking C executable cmTC_5257e
/usr/local/bin/cmake -E cmake_link_script CMakeFiles/cmTC_5257e.dir/link.txt --verbose=1
/usr/bin/cc  -Wall -Wswitch -fno-strict-aliasing -DCHECK_FUNCTION_EXISTS=mach_absolute_time -rdynamic CMakeFiles/cmTC_5257e.dir/CheckFunctionExistsEx.c.o -o cmTC_5257e 
/usr/bin/ld: CMakeFiles/cmTC_5257e.dir/CheckFunctionExistsEx.c.o: in function `main':
CheckFunctionExistsEx.c:(.text+0x19): undefined reference to `mach_absolute_time'
collect2: error: ld returned 1 exit status
make[4]: *** [CMakeFiles/cmTC_5257e.dir/build.make:99: cmTC_5257e] Error 1
make[4]: Leaving directory '/home/svemula/Waffle/waffle_test/waffleClient/cmakebuild/libevent_ep-prefix/src/libevent_ep-build/CMakeFiles/CMakeTmp'
make[3]: *** [Makefile:127: cmTC_5257e/fast] Error 2
make[3]: Leaving directory '/home/svemula/Waffle/waffle_test/waffleClient/cmakebuild/libevent_ep-prefix/src/libevent_ep-build/CMakeFiles/CMakeTmp'



Determining if the function timeradd exists failed with the following output:
Change Dir: /home/svemula/Waffle/waffle_test/waffleClient/cmakebuild/libevent_ep-prefix/src/libevent_ep-build/CMakeFiles/CMakeTmp

Run Build Command(s):/usr/local/bin/cmake -E env VERBOSE=1 /usr/bin/make -f Makefile cmTC_c9f8a/fast && make[3]: Entering directory '/home/svemula/Waffle/waffle_test/waffleClient/cmakebuild/libevent_ep-prefix/src/libevent_ep-build/CMakeFiles/CMakeTmp'
/usr/bin/make  -f CMakeFiles/cmTC_c9f8a.dir/build.make CMakeFiles/cmTC_c9f8a.dir/build
make[4]: Entering directory '/home/svemula/Waffle/waffle_test/waffleClient/cmakebuild/libevent_ep-prefix/src/libevent_ep-build/CMakeFiles/CMakeTmp'
Building C object CMakeFiles/cmTC_c9f8a.dir/CheckFunctionExistsEx.c.o
/usr/bin/cc   -Wall -Wswitch -fno-strict-aliasing -DCHECK_FUNCTION_EXISTS=timeradd -o CMakeFiles/cmTC_c9f8a.dir/CheckFunctionExistsEx.c.o -c /home/svemula/Waffle/waffle_test/waffleClient/cmakebuild/libevent_ep-prefix/src/libevent_ep/cmake/CheckFunctionExistsEx.c
Linking C executable cmTC_c9f8a
/usr/local/bin/cmake -E cmake_link_script CMakeFiles/cmTC_c9f8a.dir/link.txt --verbose=1
/usr/bin/cc  -Wall -Wswitch -fno-strict-aliasing -DCHECK_FUNCTION_EXISTS=timeradd -rdynamic CMakeFiles/cmTC_c9f8a.dir/CheckFunctionExistsEx.c.o -o cmTC_c9f8a 
/usr/bin/ld: CMakeFiles/cmTC_c9f8a.dir/CheckFunctionExistsEx.c.o: in function `main':
CheckFunctionExistsEx.c:(.text+0x19): undefined reference to `timeradd'
collect2: error: ld returned 1 exit status
make[4]: *** [CMakeFiles/cmTC_c9f8a.dir/build.make:99: cmTC_c9f8a] Error 1
make[4]: Leaving directory '/home/svemula/Waffle/waffle_test/waffleClient/cmakebuild/libevent_ep-prefix/src/libevent_ep-build/CMakeFiles/CMakeTmp'
make[3]: *** [Makefile:127: cmTC_c9f8a/fast] Error 2
make[3]: Leaving directory '/home/svemula/Waffle/waffle_test/waffleClient/cmakebuild/libevent_ep-prefix/src/libevent_ep-build/CMakeFiles/CMakeTmp'



Determining if the function timerclear exists failed with the following output:
Change Dir: /home/svemula/Waffle/waffle_test/waffleClient/cmakebuild/libevent_ep-prefix/src/libevent_ep-build/CMakeFiles/CMakeTmp

Run Build Command(s):/usr/local/bin/cmake -E env VERBOSE=1 /usr/bin/make -f Makefile cmTC_1f970/fast && make[3]: Entering directory '/home/svemula/Waffle/waffle_test/waffleClient/cmakebuild/libevent_ep-prefix/src/libevent_ep-build/CMakeFiles/CMakeTmp'
/usr/bin/make  -f CMakeFiles/cmTC_1f970.dir/build.make CMakeFiles/cmTC_1f970.dir/build
make[4]: Entering directory '/home/svemula/Waffle/waffle_test/waffleClient/cmakebuild/libevent_ep-prefix/src/libevent_ep-build/CMakeFiles/CMakeTmp'
Building C object CMakeFiles/cmTC_1f970.dir/CheckFunctionExistsEx.c.o
/usr/bin/cc   -Wall -Wswitch -fno-strict-aliasing -DCHECK_FUNCTION_EXISTS=timerclear -o CMakeFiles/cmTC_1f970.dir/CheckFunctionExistsEx.c.o -c /home/svemula/Waffle/waffle_test/waffleClient/cmakebuild/libevent_ep-prefix/src/libevent_ep/cmake/CheckFunctionExistsEx.c
Linking C executable cmTC_1f970
/usr/local/bin/cmake -E cmake_link_script CMakeFiles/cmTC_1f970.dir/link.txt --verbose=1
/usr/bin/cc  -Wall -Wswitch -fno-strict-aliasing -DCHECK_FUNCTION_EXISTS=timerclear -rdynamic CMakeFiles/cmTC_1f970.dir/CheckFunctionExistsEx.c.o -o cmTC_1f970 
/usr/bin/ld: CMakeFiles/cmTC_1f970.dir/CheckFunctionExistsEx.c.o: in function `main':
CheckFunctionExistsEx.c:(.text+0x19): undefined reference to `timerclear'
collect2: error: ld returned 1 exit status
make[4]: *** [CMakeFiles/cmTC_1f970.dir/build.make:99: cmTC_1f970] Error 1
make[4]: Leaving directory '/home/svemula/Waffle/waffle_test/waffleClient/cmakebuild/libevent_ep-prefix/src/libevent_ep-build/CMakeFiles/CMakeTmp'
make[3]: *** [Makefile:127: cmTC_1f970/fast] Error 2
make[3]: Leaving directory '/home/svemula/Waffle/waffle_test/waffleClient/cmakebuild/libevent_ep-prefix/src/libevent_ep-build/CMakeFiles/CMakeTmp'



Determining if the function timercmp exists failed with the following output:
Change Dir: /home/svemula/Waffle/waffle_test/waffleClient/cmakebuild/libevent_ep-prefix/src/libevent_ep-build/CMakeFiles/CMakeTmp

Run Build Command(s):/usr/local/bin/cmake -E env VERBOSE=1 /usr/bin/make -f Makefile cmTC_83bc7/fast && make[3]: Entering directory '/home/svemula/Waffle/waffle_test/waffleClient/cmakebuild/libevent_ep-prefix/src/libevent_ep-build/CMakeFiles/CMakeTmp'
/usr/bin/make  -f CMakeFiles/cmTC_83bc7.dir/build.make CMakeFiles/cmTC_83bc7.dir/build
make[4]: Entering directory '/home/svemula/Waffle/waffle_test/waffleClient/cmakebuild/libevent_ep-prefix/src/libevent_ep-build/CMakeFiles/CMakeTmp'
Building C object CMakeFiles/cmTC_83bc7.dir/CheckFunctionExistsEx.c.o
/usr/bin/cc   -Wall -Wswitch -fno-strict-aliasing -DCHECK_FUNCTION_EXISTS=timercmp -o CMakeFiles/cmTC_83bc7.dir/CheckFunctionExistsEx.c.o -c /home/svemula/Waffle/waffle_test/waffleClient/cmakebuild/libevent_ep-prefix/src/libevent_ep/cmake/CheckFunctionExistsEx.c
Linking C executable cmTC_83bc7
/usr/local/bin/cmake -E cmake_link_script CMakeFiles/cmTC_83bc7.dir/link.txt --verbose=1
/usr/bin/cc  -Wall -Wswitch -fno-strict-aliasing -DCHECK_FUNCTION_EXISTS=timercmp -rdynamic CMakeFiles/cmTC_83bc7.dir/CheckFunctionExistsEx.c.o -o cmTC_83bc7 
/usr/bin/ld: CMakeFiles/cmTC_83bc7.dir/CheckFunctionExistsEx.c.o: in function `main':
CheckFunctionExistsEx.c:(.text+0x19): undefined reference to `timercmp'
collect2: error: ld returned 1 exit status
make[4]: *** [CMakeFiles/cmTC_83bc7.dir/build.make:99: cmTC_83bc7] Error 1
make[4]: Leaving directory '/home/svemula/Waffle/waffle_test/waffleClient/cmakebuild/libevent_ep-prefix/src/libevent_ep-build/CMakeFiles/CMakeTmp'
make[3]: *** [Makefile:127: cmTC_83bc7/fast] Error 2
make[3]: Leaving directory '/home/svemula/Waffle/waffle_test/waffleClient/cmakebuild/libevent_ep-prefix/src/libevent_ep-build/CMakeFiles/CMakeTmp'



Determining if the function timerisset exists failed with the following output:
Change Dir: /home/svemula/Waffle/waffle_test/waffleClient/cmakebuild/libevent_ep-prefix/src/libevent_ep-build/CMakeFiles/CMakeTmp

Run Build Command(s):/usr/local/bin/cmake -E env VERBOSE=1 /usr/bin/make -f Makefile cmTC_813a4/fast && make[3]: Entering directory '/home/svemula/Waffle/waffle_test/waffleClient/cmakebuild/libevent_ep-prefix/src/libevent_ep-build/CMakeFiles/CMakeTmp'
/usr/bin/make  -f CMakeFiles/cmTC_813a4.dir/build.make CMakeFiles/cmTC_813a4.dir/build
make[4]: Entering directory '/home/svemula/Waffle/waffle_test/waffleClient/cmakebuild/libevent_ep-prefix/src/libevent_ep-build/CMakeFiles/CMakeTmp'
Building C object CMakeFiles/cmTC_813a4.dir/CheckFunctionExistsEx.c.o
/usr/bin/cc   -Wall -Wswitch -fno-strict-aliasing -DCHECK_FUNCTION_EXISTS=timerisset -o CMakeFiles/cmTC_813a4.dir/CheckFunctionExistsEx.c.o -c /home/svemula/Waffle/waffle_test/waffleClient/cmakebuild/libevent_ep-prefix/src/libevent_ep/cmake/CheckFunctionExistsEx.c
Linking C executable cmTC_813a4
/usr/local/bin/cmake -E cmake_link_script CMakeFiles/cmTC_813a4.dir/link.txt --verbose=1
/usr/bin/cc  -Wall -Wswitch -fno-strict-aliasing -DCHECK_FUNCTION_EXISTS=timerisset -rdynamic CMakeFiles/cmTC_813a4.dir/CheckFunctionExistsEx.c.o -o cmTC_813a4 
/usr/bin/ld: CMakeFiles/cmTC_813a4.dir/CheckFunctionExistsEx.c.o: in function `main':
CheckFunctionExistsEx.c:(.text+0x19): undefined reference to `timerisset'
collect2: error: ld returned 1 exit status
make[4]: *** [CMakeFiles/cmTC_813a4.dir/build.make:99: cmTC_813a4] Error 1
make[4]: Leaving directory '/home/svemula/Waffle/waffle_test/waffleClient/cmakebuild/libevent_ep-prefix/src/libevent_ep-build/CMakeFiles/CMakeTmp'
make[3]: *** [Makefile:127: cmTC_813a4/fast] Error 2
make[3]: Leaving directory '/home/svemula/Waffle/waffle_test/waffleClient/cmakebuild/libevent_ep-prefix/src/libevent_ep-build/CMakeFiles/CMakeTmp'



Determining if the prototype gethostbyname_r exists for EVENT__HAVE_GETHOSTBYNAME_R_3_ARG failed with the following output:
Change Dir: /home/svemula/Waffle/waffle_test/waffleClient/cmakebuild/libevent_ep-prefix/src/libevent_ep-build/CMakeFiles/CMakeTmp

Run Build Command(s):/usr/local/bin/cmake -E env VERBOSE=1 /usr/bin/make -f Makefile cmTC_ec40f/fast && make[3]: Entering directory '/home/svemula/Waffle/waffle_test/waffleClient/cmakebuild/libevent_ep-prefix/src/libevent_ep-build/CMakeFiles/CMakeTmp'
/usr/bin/make  -f CMakeFiles/cmTC_ec40f.dir/build.make CMakeFiles/cmTC_ec40f.dir/build
make[4]: Entering directory '/home/svemula/Waffle/waffle_test/waffleClient/cmakebuild/libevent_ep-prefix/src/libevent_ep-build/CMakeFiles/CMakeTmp'
Building C object CMakeFiles/cmTC_ec40f.dir/CheckPrototypeDefinition.c.o
/usr/bin/cc   -Wall -Wswitch -fno-strict-aliasing  -o CMakeFiles/cmTC_ec40f.dir/CheckPrototypeDefinition.c.o -c /home/svemula/Waffle/waffle_test/waffleClient/cmakebuild/libevent_ep-prefix/src/libevent_ep-build/CMakeFiles/CMakeTmp/CheckPrototypeDefinition.c
/home/svemula/Waffle/waffle_test/waffleClient/cmakebuild/libevent_ep-prefix/src/libevent_ep-build/CMakeFiles/CMakeTmp/CheckPrototypeDefinition.c:14:66: warning: ‘struct hostent_data’ declared inside parameter list will not be visible outside of this definition or declaration
   14 | int gethostbyname_r(const char *name, struct hostent *hp, struct hostent_data *hdata) {
      |                                                                  ^~~~~~~~~~~~
/home/svemula/Waffle/waffle_test/waffleClient/cmakebuild/libevent_ep-prefix/src/libevent_ep-build/CMakeFiles/CMakeTmp/CheckPrototypeDefinition.c:14:5: error: conflicting types for ‘gethostbyname_r’
   14 | int gethostbyname_r(const char *name, struct hostent *hp, struct hostent_data *hdata) {
      |     ^~~~~~~~~~~~~~~
In file included from /home/svemula/Waffle/waffle_test/waffleClient/cmakebuild/libevent_ep-prefix/src/libevent_ep-build/CMakeFiles/CMakeTmp/CheckPrototypeDefinition.c:1:
/usr/include/netdb.h:177:12: note: previous declaration of ‘gethostbyname_r’ was here
  177 | extern int gethostbyname_r (const char *__restrict __name,
      |            ^~~~~~~~~~~~~~~
make[4]: *** [CMakeFiles/cmTC_ec40f.dir/build.make:78: CMakeFiles/cmTC_ec40f.dir/CheckPrototypeDefinition.c.o] Error 1
make[4]: Leaving directory '/home/svemula/Waffle/waffle_test/waffleClient/cmakebuild/libevent_ep-prefix/src/libevent_ep-build/CMakeFiles/CMakeTmp'
make[3]: *** [Makefile:127: cmTC_ec40f/fast] Error 2
make[3]: Leaving directory '/home/svemula/Waffle/waffle_test/waffleClient/cmakebuild/libevent_ep-prefix/src/libevent_ep-build/CMakeFiles/CMakeTmp'



#include <netdb.h>


static void cmakeRequireSymbol(int dummy, ...) {
  (void) dummy;
}

static void checkSymbol(void) {
#ifndef gethostbyname_r
  cmakeRequireSymbol(0, &gethostbyname_r);
#endif
}

int gethostbyname_r(const char *name, struct hostent *hp, struct hostent_data *hdata) {
  return 0;
}

#ifdef __CLASSIC_C__
int main() {
  int ac;
  char*av[];
#else
int main(int ac, char *av[]) {
#endif
  checkSymbol();
  if (ac > 1000) {
    return *av[0];
  }
  return 0;
}


Determining if the prototype gethostbyname_r exists for EVENT__HAVE_GETHOSTBYNAME_R_5_ARG failed with the following output:
Change Dir: /home/svemula/Waffle/waffle_test/waffleClient/cmakebuild/libevent_ep-prefix/src/libevent_ep-build/CMakeFiles/CMakeTmp

Run Build Command(s):/usr/local/bin/cmake -E env VERBOSE=1 /usr/bin/make -f Makefile cmTC_a55d4/fast && make[3]: Entering directory '/home/svemula/Waffle/waffle_test/waffleClient/cmakebuild/libevent_ep-prefix/src/libevent_ep-build/CMakeFiles/CMakeTmp'
/usr/bin/make  -f CMakeFiles/cmTC_a55d4.dir/build.make CMakeFiles/cmTC_a55d4.dir/build
make[4]: Entering directory '/home/svemula/Waffle/waffle_test/waffleClient/cmakebuild/libevent_ep-prefix/src/libevent_ep-build/CMakeFiles/CMakeTmp'
Building C object CMakeFiles/cmTC_a55d4.dir/CheckPrototypeDefinition.c.o
/usr/bin/cc   -Wall -Wswitch -fno-strict-aliasing  -o CMakeFiles/cmTC_a55d4.dir/CheckPrototypeDefinition.c.o -c /home/svemula/Waffle/waffle_test/waffleClient/cmakebuild/libevent_ep-prefix/src/libevent_ep-build/CMakeFiles/CMakeTmp/CheckPrototypeDefinition.c
/home/svemula/Waffle/waffle_test/waffleClient/cmakebuild/libevent_ep-prefix/src/libevent_ep-build/CMakeFiles/CMakeTmp/CheckPrototypeDefinition.c:14:17: error: conflicting types for ‘gethostbyname_r’
   14 | struct hostent *gethostbyname_r(const char *name, struct hostent *hp, char *buf, size_t buflen, int *herr) {
      |                 ^~~~~~~~~~~~~~~
In file included from /home/svemula/Waffle/waffle_test/waffleClient/cmakebuild/libevent_ep-prefix/src/libevent_ep-build/CMakeFiles/CMakeTmp/CheckPrototypeDefinition.c:1:
/usr/include/netdb.h:177:12: note: previous declaration of ‘gethostbyname_r’ was here
  177 | extern int gethostbyname_r (const char *__restrict __name,
      |            ^~~~~~~~~~~~~~~
/home/svemula/Waffle/waffle_test/waffleClient/cmakebuild/libevent_ep-prefix/src/libevent_ep-build/CMakeFiles/CMakeTmp/CheckPrototypeDefinition.c: In function ‘gethostbyname_r’:
/home/svemula/Waffle/waffle_test/waffleClient/cmakebuild/libevent_ep-prefix/src/libevent_ep-build/CMakeFiles/CMakeTmp/CheckPrototypeDefinition.c:15:10: error: ‘NULL’ undeclared (first use in this function)
   15 |   return NULL;
      |          ^~~~
/home/svemula/Waffle/waffle_test/waffleClient/cmakebuild/libevent_ep-prefix/src/libevent_ep-build/CMakeFiles/CMakeTmp/CheckPrototypeDefinition.c:2:1: note: ‘NULL’ is defined in header ‘<stddef.h>’; did you forget to ‘#include <stddef.h>’?
    1 | #include <netdb.h>
  +++ |+#include <stddef.h>
    2 | 
/home/svemula/Waffle/waffle_test/waffleClient/cmakebuild/libevent_ep-prefix/src/libevent_ep-build/CMakeFiles/CMakeTmp/CheckPrototypeDefinition.c:15:10: note: each undeclared identifier is reported only once for each function it appears in
   15 |   return NULL;
      |          ^~~~
/home/svemula/Waffle/waffle_test/waffleClient/cmakebuild/libevent_ep-prefix/src/libevent_ep-build/CMakeFiles/CMakeTmp/CheckPrototypeDefinition.c:16:1: warning: control reaches end of non-void function [-Wreturn-type]
   16 | }
      | ^
make[4]: *** [CMakeFiles/cmTC_a55d4.dir/build.make:78: CMakeFiles/cmTC_a55d4.dir/CheckPrototypeDefinition.c.o] Error 1
make[4]: Leaving directory '/home/svemula/Waffle/waffle_test/waffleClient/cmakebuild/libevent_ep-prefix/src/libevent_ep-build/CMakeFiles/CMakeTmp'
make[3]: *** [Makefile:127: cmTC_a55d4/fast] Error 2
make[3]: Leaving directory '/home/svemula/Waffle/waffle_test/waffleClient/cmakebuild/libevent_ep-prefix/src/libevent_ep-build/CMakeFiles/CMakeTmp'



#include <netdb.h>


static void cmakeRequireSymbol(int dummy, ...) {
  (void) dummy;
}

static void checkSymbol(void) {
#ifndef gethostbyname_r
  cmakeRequireSymbol(0, &gethostbyname_r);
#endif
}

struct hostent *gethostbyname_r(const char *name, struct hostent *hp, char *buf, size_t buflen, int *herr) {
  return NULL;
}

#ifdef __CLASSIC_C__
int main() {
  int ac;
  char*av[];
#else
int main(int ac, char *av[]) {
#endif
  checkSymbol();
  if (ac > 1000) {
    return *av[0];
  }
  return 0;
}


