-- Parsed Thrift package version: 0.12.0
-- Parsed Thrift version: 0.12.0 (0.2.0)
-- Setting C++11 as the default language level.
-- To specify a different C++ language level, set CMAKE_CXX_STANDARD
-- Could NOT find CABAL (missing: CABAL) 
-- Building without tests
-- Found libevent: /home/svemula/waffle_test/waffleClient/cmakebuild/external/libevent_ep/lib/libevent.a
-- ----------------------------------------------------------
-- Thrift version:                               0.12.0 (0.2.0)
-- Thrift package version:                       0.12.0
-- Build configuration Summary
--   Build Thrift compiler:                      
--   Build compiler plugin support:              OFF
--   Build with unit tests:                      OFF
--    - Disabled because BUILD_THRIFT=OFF and no valid THRIFT_COMPILER is given
--   Build examples:                             OFF
--    - Disabled because BUILD_THRIFT=OFF and no valid THRIFT_COMPILER is given
--   Build Thrift libraries:                     ON
--  Language libraries:
--   Build C++ library:                          ON
--     C++ Language Level:                       C++11 [fallback to earlier if compiler does not support it]
--   Build C (GLib) library:                     OFF
--    - Disabled by WITH_C_GLIB=OFF
--    - GLib missing
--   Build Java library:                         OFF
--    - Disabled by WITH_JAVA=OFF
--   Build Python library:                       OFF
--    - Disabled by WITH_PYTHON=OFF
--   Build Haskell library:                      OFF
--    - Disabled by WITH_HASKELL=OFF
--    - Cabal missing
--  Library features:
--   Build shared libraries:                     OFF
--   Build static libraries:                     ON
--   Build with Boost static link library:       OFF
--   Build with Boost thread support:            OFF
--   Build with boost/tr1/functional (forced)    OFF
--   Build with boost/smart_ptr (forced)         OFF
--   Build with C++ std::thread support:         OFF
--   Build with libevent support:                ON
--   Build with OpenSSL support:                 ON
--   Build with Qt4 support:                     OFF
--   Build with Qt5 support:                     OFF
--   Build with ZLIB support:                    OFF
-- ----------------------------------------------------------
-- Configuring done (0.5s)
-- Generating done (0.3s)
-- Build files have been written to: /home/svemula/waffle_test/waffleClient/cmakebuild/thrift_ep-prefix/src/thrift_ep-build
