[  2%] [32mBuilding CXX object lib/cpp/CMakeFiles/thrift_static.dir/src/thrift/TApplicationException.cpp.o[0m
[  4%] [32mBuilding CXX object lib/cpp/CMakeFiles/thrift_static.dir/src/thrift/TOutput.cpp.o[0m
[  6%] [32mBuilding CXX object lib/cpp/CMakeFiles/thrift_static.dir/src/thrift/async/TAsyncChannel.cpp.o[0m
[  8%] [32mBuilding CXX object lib/cpp/CMakeFiles/thrift_static.dir/src/thrift/async/TAsyncProtocolProcessor.cpp.o[0m
[ 10%] [32mBuilding CXX object lib/cpp/CMakeFiles/thrift_static.dir/src/thrift/async/TConcurrentClientSyncInfo.cpp.o[0m
[ 12%] [32mBuilding CXX object lib/cpp/CMakeFiles/thrift_static.dir/src/thrift/concurrency/ThreadManager.cpp.o[0m
[ 14%] [32mBuilding CXX object lib/cpp/CMakeFiles/thrift_static.dir/src/thrift/concurrency/TimerManager.cpp.o[0m
[ 17%] [32mBuilding CXX object lib/cpp/CMakeFiles/thrift_static.dir/src/thrift/concurrency/Util.cpp.o[0m
[ 19%] [32mBuilding CXX object lib/cpp/CMakeFiles/thrift_static.dir/src/thrift/processor/PeekProcessor.cpp.o[0m
[ 21%] [32mBuilding CXX object lib/cpp/CMakeFiles/thrift_static.dir/src/thrift/protocol/TBase64Utils.cpp.o[0m
[ 23%] [32mBuilding CXX object lib/cpp/CMakeFiles/thrift_static.dir/src/thrift/protocol/TDebugProtocol.cpp.o[0m
[ 25%] [32mBuilding CXX object lib/cpp/CMakeFiles/thrift_static.dir/src/thrift/protocol/TJSONProtocol.cpp.o[0m
[ 27%] [32mBuilding CXX object lib/cpp/CMakeFiles/thrift_static.dir/src/thrift/protocol/TMultiplexedProtocol.cpp.o[0m
[ 29%] [32mBuilding CXX object lib/cpp/CMakeFiles/thrift_static.dir/src/thrift/protocol/TProtocol.cpp.o[0m
[ 31%] [32mBuilding CXX object lib/cpp/CMakeFiles/thrift_static.dir/src/thrift/transport/TTransportException.cpp.o[0m
[ 34%] [32mBuilding CXX object lib/cpp/CMakeFiles/thrift_static.dir/src/thrift/transport/TFDTransport.cpp.o[0m
[ 36%] [32mBuilding CXX object lib/cpp/CMakeFiles/thrift_static.dir/src/thrift/transport/TSimpleFileTransport.cpp.o[0m
[ 38%] [32mBuilding CXX object lib/cpp/CMakeFiles/thrift_static.dir/src/thrift/transport/THttpTransport.cpp.o[0m
[ 40%] [32mBuilding CXX object lib/cpp/CMakeFiles/thrift_static.dir/src/thrift/transport/THttpClient.cpp.o[0m
[ 42%] [32mBuilding CXX object lib/cpp/CMakeFiles/thrift_static.dir/src/thrift/transport/THttpServer.cpp.o[0m
[ 44%] [32mBuilding CXX object lib/cpp/CMakeFiles/thrift_static.dir/src/thrift/transport/TSocket.cpp.o[0m
[ 46%] [32mBuilding CXX object lib/cpp/CMakeFiles/thrift_static.dir/src/thrift/transport/TSocketPool.cpp.o[0m
[ 48%] [32mBuilding CXX object lib/cpp/CMakeFiles/thrift_static.dir/src/thrift/transport/TServerSocket.cpp.o[0m
[ 51%] [32mBuilding CXX object lib/cpp/CMakeFiles/thrift_static.dir/src/thrift/transport/TTransportUtils.cpp.o[0m
[ 53%] [32mBuilding CXX object lib/cpp/CMakeFiles/thrift_static.dir/src/thrift/transport/TBufferTransports.cpp.o[0m
[ 55%] [32mBuilding CXX object lib/cpp/CMakeFiles/thrift_static.dir/src/thrift/server/TConnectedClient.cpp.o[0m
[ 57%] [32mBuilding CXX object lib/cpp/CMakeFiles/thrift_static.dir/src/thrift/server/TServerFramework.cpp.o[0m
[ 59%] [32mBuilding CXX object lib/cpp/CMakeFiles/thrift_static.dir/src/thrift/server/TSimpleServer.cpp.o[0m
[ 61%] [32mBuilding CXX object lib/cpp/CMakeFiles/thrift_static.dir/src/thrift/server/TThreadPoolServer.cpp.o[0m
[ 63%] [32mBuilding CXX object lib/cpp/CMakeFiles/thrift_static.dir/src/thrift/server/TThreadedServer.cpp.o[0m
[ 65%] [32mBuilding CXX object lib/cpp/CMakeFiles/thrift_static.dir/src/thrift/transport/TPipe.cpp.o[0m
[ 68%] [32mBuilding CXX object lib/cpp/CMakeFiles/thrift_static.dir/src/thrift/transport/TPipeServer.cpp.o[0m
[ 70%] [32mBuilding CXX object lib/cpp/CMakeFiles/thrift_static.dir/src/thrift/transport/TFileTransport.cpp.o[0m
[ 72%] [32mBuilding CXX object lib/cpp/CMakeFiles/thrift_static.dir/src/thrift/VirtualProfiling.cpp.o[0m
[ 74%] [32mBuilding CXX object lib/cpp/CMakeFiles/thrift_static.dir/src/thrift/server/TServer.cpp.o[0m
[ 76%] [32mBuilding CXX object lib/cpp/CMakeFiles/thrift_static.dir/src/thrift/transport/TSSLSocket.cpp.o[0m
[ 78%] [32mBuilding CXX object lib/cpp/CMakeFiles/thrift_static.dir/src/thrift/transport/TSSLServerSocket.cpp.o[0m
[ 80%] [32mBuilding CXX object lib/cpp/CMakeFiles/thrift_static.dir/src/thrift/concurrency/PosixThreadFactory.cpp.o[0m
[ 82%] [32mBuilding CXX object lib/cpp/CMakeFiles/thrift_static.dir/src/thrift/concurrency/Mutex.cpp.o[0m
[ 85%] [32mBuilding CXX object lib/cpp/CMakeFiles/thrift_static.dir/src/thrift/concurrency/Monitor.cpp.o[0m
[ 87%] [32m[1mLinking CXX static library ../libthrift.a[0m
[ 87%] Built target thrift_static
[ 89%] [32mBuilding CXX object lib/cpp/CMakeFiles/thriftnb_static.dir/src/thrift/server/TNonblockingServer.cpp.o[0m
[ 91%] [32mBuilding CXX object lib/cpp/CMakeFiles/thriftnb_static.dir/src/thrift/transport/TNonblockingServerSocket.cpp.o[0m
[ 93%] [32mBuilding CXX object lib/cpp/CMakeFiles/thriftnb_static.dir/src/thrift/transport/TNonblockingSSLServerSocket.cpp.o[0m
[ 95%] [32mBuilding CXX object lib/cpp/CMakeFiles/thriftnb_static.dir/src/thrift/async/TEvhttpServer.cpp.o[0m
[ 97%] [32mBuilding CXX object lib/cpp/CMakeFiles/thriftnb_static.dir/src/thrift/async/TEvhttpClientChannel.cpp.o[0m
[100%] [32m[1mLinking CXX static library ../libthriftnb.a[0m
[100%] Built target thriftnb_static
