Determining if the pthread_create exist failed with the following output:
Change Dir: /home/avishekde/Desktop/Sharath_Waffle/waffle_final/waffle_test/waffleClient/cmakebuild/CMakeFiles/CMakeTmp

Run Build Command:"/usr/bin/make" "cmTC_3e5ac/fast"
/usr/bin/make -f CMakeFiles/cmTC_3e5ac.dir/build.make CMakeFiles/cmTC_3e5ac.dir/build
make[1]: Entering directory '/home/avishekde/Desktop/Sharath_Waffle/waffle_final/waffle_test/waffleClient/cmakebuild/CMakeFiles/CMakeTmp'
Building C object CMakeFiles/cmTC_3e5ac.dir/CheckSymbolExists.c.o
/usr/bin/cc    -o CMakeFiles/cmTC_3e5ac.dir/CheckSymbolExists.c.o   -c /home/avishekde/Desktop/Sharath_Waffle/waffle_final/waffle_test/waffleClient/cmakebuild/CMakeFiles/CMakeTmp/CheckSymbolExists.c
Linking C executable cmTC_3e5ac
/usr/bin/cmake -E cmake_link_script CMakeFiles/cmTC_3e5ac.dir/link.txt --verbose=1
/usr/bin/cc      -rdynamic CMakeFiles/cmTC_3e5ac.dir/CheckSymbolExists.c.o  -o cmTC_3e5ac 
CMakeFiles/cmTC_3e5ac.dir/CheckSymbolExists.c.o: In function `main':
CheckSymbolExists.c:(.text+0x1b): undefined reference to `pthread_create'
collect2: error: ld returned 1 exit status
CMakeFiles/cmTC_3e5ac.dir/build.make:97: recipe for target 'cmTC_3e5ac' failed
make[1]: *** [cmTC_3e5ac] Error 1
make[1]: Leaving directory '/home/avishekde/Desktop/Sharath_Waffle/waffle_final/waffle_test/waffleClient/cmakebuild/CMakeFiles/CMakeTmp'
Makefile:126: recipe for target 'cmTC_3e5ac/fast' failed
make: *** [cmTC_3e5ac/fast] Error 2

File /home/avishekde/Desktop/Sharath_Waffle/waffle_final/waffle_test/waffleClient/cmakebuild/CMakeFiles/CMakeTmp/CheckSymbolExists.c:
/* */
#include <pthread.h>

int main(int argc, char** argv)
{
  (void)argv;
#ifndef pthread_create
  return ((int*)(&pthread_create))[argc];
#else
  (void)argc;
  return 0;
#endif
}

